<?xml version="1.0" encoding="UTF-8"?>
<testsuite name="tests.WebQuizEngineTest" tests="1" skipped="0" failures="0" errors="0" timestamp="2020-06-22T08:47:41" hostname="DESKTOP-H0T0QGB" time="10.003">
  <properties/>
  <testcase name="start" classname="tests.WebQuizEngineTest" time="10.003"/>
  <system-out><![CDATA[?[1;31m
Start test 1?[0m

  .   ____          _            __ _ _
 /\\ / ___'_ __ _ _(_)_ __  __ _ \ \ \ \
( ( )\___ | '_ | '_| | '_ \/ _` | \ \ \ \
 \\/  ___)| |_)| | | | | || (_| |  ) ) ) )
  '  |____| .__|_| |_|_| |_\__, | / / / /
 =========|_|==============|___/=/_/_/_/
 :: Spring Boot ::        (v2.2.2.RELEASE)

2020-06-22 11:47:41.685  INFO 1392 --- [    Test worker] engine.WebQuizEngine                     : Starting WebQuizEngine on DESKTOP-H0T0QGB with PID 1392 (started by nefed in C:\Users\nefed\IdeaProjects\Web Quiz Engine1\Web Quiz Engine\task)
2020-06-22 11:47:41.689  INFO 1392 --- [    Test worker] engine.WebQuizEngine                     : No active profile set, falling back to default profiles: default
2020-06-22 11:47:42.667  INFO 1392 --- [    Test worker] .s.d.r.c.RepositoryConfigurationDelegate : Bootstrapping Spring Data JPA repositories in DEFAULT mode.
2020-06-22 11:47:42.766  INFO 1392 --- [    Test worker] .s.d.r.c.RepositoryConfigurationDelegate : Finished Spring Data repository scanning in 89ms. Found 1 JPA repository interfaces.
2020-06-22 11:47:43.167  INFO 1392 --- [    Test worker] trationDelegate$BeanPostProcessorChecker : Bean 'org.springframework.transaction.annotation.ProxyTransactionManagementConfiguration' of type [org.springframework.transaction.annotation.ProxyTransactionManagementConfiguration] is not eligible for getting processed by all BeanPostProcessors (for example: not eligible for auto-proxying)
2020-06-22 11:47:43.441  INFO 1392 --- [    Test worker] o.s.b.w.embedded.tomcat.TomcatWebServer  : Tomcat initialized with port(s): 8889 (http)
2020-06-22 11:47:43.454  INFO 1392 --- [    Test worker] o.apache.catalina.core.StandardService   : Starting service [Tomcat]
2020-06-22 11:47:43.455  INFO 1392 --- [    Test worker] org.apache.catalina.core.StandardEngine  : Starting Servlet engine: [Apache Tomcat/9.0.29]
2020-06-22 11:47:43.606  INFO 1392 --- [    Test worker] o.a.c.c.C.[Tomcat].[localhost].[/]       : Initializing Spring embedded WebApplicationContext
2020-06-22 11:47:43.607  INFO 1392 --- [    Test worker] o.s.web.context.ContextLoader            : Root WebApplicationContext: initialization completed in 1864 ms
2020-06-22 11:47:43.745  INFO 1392 --- [    Test worker] com.zaxxer.hikari.HikariDataSource       : HikariPool-1 - Starting...
2020-06-22 11:47:43.957  INFO 1392 --- [    Test worker] com.zaxxer.hikari.HikariDataSource       : HikariPool-1 - Start completed.
2020-06-22 11:47:43.965  INFO 1392 --- [    Test worker] o.s.b.a.h2.H2ConsoleAutoConfiguration    : H2 console available at '/h2-console'. Database available at 'jdbc:h2:file:../quizdb'
2020-06-22 11:47:44.276  INFO 1392 --- [    Test worker] o.hibernate.jpa.internal.util.LogHelper  : HHH000204: Processing PersistenceUnitInfo [name: default]
2020-06-22 11:47:44.361  INFO 1392 --- [    Test worker] org.hibernate.Version                    : HHH000412: Hibernate Core {5.4.9.Final}
2020-06-22 11:47:44.560  INFO 1392 --- [    Test worker] o.hibernate.annotations.common.Version   : HCANN000001: Hibernate Commons Annotations {5.1.0.Final}
2020-06-22 11:47:44.689  INFO 1392 --- [    Test worker] org.hibernate.dialect.Dialect            : HHH000400: Using dialect: org.hibernate.dialect.H2Dialect
Hibernate: create table quiz (id bigint not null, text varchar(255), title varchar(255), primary key (id))
Hibernate: create table quiz_answer (quiz_id bigint not null, answer integer)
Hibernate: create table quiz_options (quiz_id bigint not null, options varchar(255))
Hibernate: create sequence hibernate_sequence start with 1 increment by 1
Hibernate: alter table quiz_answer add constraint FKoxi2td1x8cc3y4a0vlsg2hfnc foreign key (quiz_id) references quiz
Hibernate: alter table quiz_options add constraint FKsx28j7orq6asg17veq9nblhw8 foreign key (quiz_id) references quiz
2020-06-22 11:47:45.577  INFO 1392 --- [    Test worker] o.h.e.t.j.p.i.JtaPlatformInitiator       : HHH000490: Using JtaPlatform implementation: [org.hibernate.engine.transaction.jta.platform.internal.NoJtaPlatform]
2020-06-22 11:47:45.587  INFO 1392 --- [    Test worker] j.LocalContainerEntityManagerFactoryBean : Initialized JPA EntityManagerFactory for persistence unit 'default'
2020-06-22 11:47:45.887  WARN 1392 --- [    Test worker] JpaBaseConfiguration$JpaWebConfiguration : spring.jpa.open-in-view is enabled by default. Therefore, database queries may be performed during view rendering. Explicitly configure spring.jpa.open-in-view to disable this warning
2020-06-22 11:47:46.028  INFO 1392 --- [    Test worker] o.s.s.concurrent.ThreadPoolTaskExecutor  : Initializing ExecutorService 'applicationTaskExecutor'
2020-06-22 11:47:46.336  INFO 1392 --- [    Test worker] o.s.b.a.e.web.EndpointLinksResolver      : Exposing 14 endpoint(s) beneath base path '/actuator'
2020-06-22 11:47:46.400  INFO 1392 --- [    Test worker] o.s.b.w.embedded.tomcat.TomcatWebServer  : Tomcat started on port(s): 8889 (http) with context path ''
2020-06-22 11:47:46.403  INFO 1392 --- [    Test worker] engine.WebQuizEngine                     : Started WebQuizEngine in 5.102 seconds (JVM running for 6.112)
2020-06-22 11:47:46.766  INFO 1392 --- [nio-8889-exec-1] o.a.c.c.C.[Tomcat].[localhost].[/]       : Initializing Spring DispatcherServlet 'dispatcherServlet'
2020-06-22 11:47:46.767  INFO 1392 --- [nio-8889-exec-1] o.s.web.servlet.DispatcherServlet        : Initializing Servlet 'dispatcherServlet'
2020-06-22 11:47:46.776  INFO 1392 --- [nio-8889-exec-1] o.s.web.servlet.DispatcherServlet        : Completed initialization in 9 ms
Hibernate: select quiz0_.id as id1_0_, quiz0_.text as text2_0_, quiz0_.title as title3_0_ from quiz quiz0_
?[1;31m
Start test 2?[0m
Hibernate: select quiz0_.id as id1_0_0_, quiz0_.text as text2_0_0_, quiz0_.title as title3_0_0_ from quiz quiz0_ where quiz0_.id=?
Hibernate: call next value for hibernate_sequence
Hibernate: insert into quiz (text, title, id) values (?, ?, ?)
Hibernate: insert into quiz_answer (quiz_id, answer) values (?, ?)
Hibernate: insert into quiz_options (quiz_id, options) values (?, ?)
Hibernate: insert into quiz_options (quiz_id, options) values (?, ?)
Hibernate: insert into quiz_options (quiz_id, options) values (?, ?)
Hibernate: insert into quiz_options (quiz_id, options) values (?, ?)
?[1;31m
Start test 3?[0m
Hibernate: select quiz0_.id as id1_0_0_, quiz0_.text as text2_0_0_, quiz0_.title as title3_0_0_ from quiz quiz0_ where quiz0_.id=?
Hibernate: select options0_.quiz_id as quiz_id1_2_0_, options0_.options as options2_2_0_ from quiz_options options0_ where options0_.quiz_id=?
?[1;31m
Start test 4?[0m
Hibernate: select quiz0_.id as id1_0_0_, quiz0_.text as text2_0_0_, quiz0_.title as title3_0_0_ from quiz quiz0_ where quiz0_.id=?
?[1;31m
Start test 5?[0m
Hibernate: select quiz0_.id as id1_0_, quiz0_.text as text2_0_, quiz0_.title as title3_0_ from quiz quiz0_
Hibernate: select options0_.quiz_id as quiz_id1_2_0_, options0_.options as options2_2_0_ from quiz_options options0_ where options0_.quiz_id=?
?[1;31m
Start test 6?[0m
Hibernate: select quiz0_.id as id1_0_0_, quiz0_.text as text2_0_0_, quiz0_.title as title3_0_0_ from quiz quiz0_ where quiz0_.id=?
Hibernate: call next value for hibernate_sequence
Hibernate: insert into quiz (text, title, id) values (?, ?, ?)
Hibernate: insert into quiz_answer (quiz_id, answer) values (?, ?)
Hibernate: insert into quiz_options (quiz_id, options) values (?, ?)
Hibernate: insert into quiz_options (quiz_id, options) values (?, ?)
Hibernate: insert into quiz_options (quiz_id, options) values (?, ?)
Hibernate: insert into quiz_options (quiz_id, options) values (?, ?)
?[1;31m
Start test 7?[0m
Hibernate: select quiz0_.id as id1_0_0_, quiz0_.text as text2_0_0_, quiz0_.title as title3_0_0_ from quiz quiz0_ where quiz0_.id=?
Hibernate: select options0_.quiz_id as quiz_id1_2_0_, options0_.options as options2_2_0_ from quiz_options options0_ where options0_.quiz_id=?
?[1;31m
Start test 8?[0m
Hibernate: select quiz0_.id as id1_0_0_, quiz0_.text as text2_0_0_, quiz0_.title as title3_0_0_ from quiz quiz0_ where quiz0_.id=?
?[1;31m
Start test 9?[0m
Hibernate: select quiz0_.id as id1_0_, quiz0_.text as text2_0_, quiz0_.title as title3_0_ from quiz quiz0_
Hibernate: select options0_.quiz_id as quiz_id1_2_0_, options0_.options as options2_2_0_ from quiz_options options0_ where options0_.quiz_id=?
Hibernate: select options0_.quiz_id as quiz_id1_2_0_, options0_.options as options2_2_0_ from quiz_options options0_ where options0_.quiz_id=?
?[1;31m
Start test 10?[0m
Hibernate: select quiz0_.id as id1_0_0_, quiz0_.text as text2_0_0_, quiz0_.title as title3_0_0_ from quiz quiz0_ where quiz0_.id=?
Hibernate: select answer0_.quiz_id as quiz_id1_1_0_, answer0_.answer as answer2_1_0_ from quiz_answer answer0_ where answer0_.quiz_id=?
?[1;31m
Start test 11?[0m
Hibernate: select quiz0_.id as id1_0_0_, quiz0_.text as text2_0_0_, quiz0_.title as title3_0_0_ from quiz quiz0_ where quiz0_.id=?
Hibernate: select answer0_.quiz_id as quiz_id1_1_0_, answer0_.answer as answer2_1_0_ from quiz_answer answer0_ where answer0_.quiz_id=?
?[1;31m
Start test 12?[0m
Hibernate: select quiz0_.id as id1_0_0_, quiz0_.text as text2_0_0_, quiz0_.title as title3_0_0_ from quiz quiz0_ where quiz0_.id=?
Hibernate: select answer0_.quiz_id as quiz_id1_1_0_, answer0_.answer as answer2_1_0_ from quiz_answer answer0_ where answer0_.quiz_id=?
?[1;31m
Start test 13?[0m
Hibernate: select quiz0_.id as id1_0_0_, quiz0_.text as text2_0_0_, quiz0_.title as title3_0_0_ from quiz quiz0_ where quiz0_.id=?
Hibernate: select answer0_.quiz_id as quiz_id1_1_0_, answer0_.answer as answer2_1_0_ from quiz_answer answer0_ where answer0_.quiz_id=?
?[1;31m
Start test 14?[0m
Hibernate: select quiz0_.id as id1_0_0_, quiz0_.text as text2_0_0_, quiz0_.title as title3_0_0_ from quiz quiz0_ where quiz0_.id=?
Hibernate: select answer0_.quiz_id as quiz_id1_1_0_, answer0_.answer as answer2_1_0_ from quiz_answer answer0_ where answer0_.quiz_id=?
?[1;31m
Start test 15?[0m
Hibernate: select quiz0_.id as id1_0_0_, quiz0_.text as text2_0_0_, quiz0_.title as title3_0_0_ from quiz quiz0_ where quiz0_.id=?
Hibernate: select answer0_.quiz_id as quiz_id1_1_0_, answer0_.answer as answer2_1_0_ from quiz_answer answer0_ where answer0_.quiz_id=?
?[1;31m
Start test 16?[0m
Hibernate: select quiz0_.id as id1_0_0_, quiz0_.text as text2_0_0_, quiz0_.title as title3_0_0_ from quiz quiz0_ where quiz0_.id=?
Hibernate: select answer0_.quiz_id as quiz_id1_1_0_, answer0_.answer as answer2_1_0_ from quiz_answer answer0_ where answer0_.quiz_id=?
?[1;31m
Start test 17?[0m
Hibernate: select quiz0_.id as id1_0_0_, quiz0_.text as text2_0_0_, quiz0_.title as title3_0_0_ from quiz quiz0_ where quiz0_.id=?
Hibernate: select answer0_.quiz_id as quiz_id1_1_0_, answer0_.answer as answer2_1_0_ from quiz_answer answer0_ where answer0_.quiz_id=?
?[1;31m
Start test 18?[0m
Hibernate: select quiz0_.id as id1_0_, quiz0_.text as text2_0_, quiz0_.title as title3_0_ from quiz quiz0_
Hibernate: select options0_.quiz_id as quiz_id1_2_0_, options0_.options as options2_2_0_ from quiz_options options0_ where options0_.quiz_id=?
Hibernate: select options0_.quiz_id as quiz_id1_2_0_, options0_.options as options2_2_0_ from quiz_options options0_ where options0_.quiz_id=?
?[1;31m
Start test 19?[0m
2020-06-22 11:47:47.944  INFO 1392 --- [       Thread-6] o.s.s.concurrent.ThreadPoolTaskExecutor  : Shutting down ExecutorService 'applicationTaskExecutor'
2020-06-22 11:47:47.946  INFO 1392 --- [       Thread-6] j.LocalContainerEntityManagerFactoryBean : Closing JPA EntityManagerFactory for persistence unit 'default'
2020-06-22 11:47:47.951  INFO 1392 --- [       Thread-6] com.zaxxer.hikari.HikariDataSource       : HikariPool-1 - Shutdown initiated...
2020-06-22 11:47:47.977  INFO 1392 --- [       Thread-6] com.zaxxer.hikari.HikariDataSource       : HikariPool-1 - Shutdown completed.

  .   ____          _            __ _ _
 /\\ / ___'_ __ _ _(_)_ __  __ _ \ \ \ \
( ( )\___ | '_ | '_| | '_ \/ _` | \ \ \ \
 \\/  ___)| |_)| | | | | || (_| |  ) ) ) )
  '  |____| .__|_| |_|_| |_\__, | / / / /
 =========|_|==============|___/=/_/_/_/
 :: Spring Boot ::        (v2.2.2.RELEASE)

2020-06-22 11:47:48.105  INFO 1392 --- [    Test worker] engine.WebQuizEngine                     : Starting WebQuizEngine on DESKTOP-H0T0QGB with PID 1392 (started by nefed in C:\Users\nefed\IdeaProjects\Web Quiz Engine1\Web Quiz Engine\task)
2020-06-22 11:47:48.106  INFO 1392 --- [    Test worker] engine.WebQuizEngine                     : No active profile set, falling back to default profiles: default
2020-06-22 11:47:48.350  INFO 1392 --- [    Test worker] .s.d.r.c.RepositoryConfigurationDelegate : Bootstrapping Spring Data JPA repositories in DEFAULT mode.
2020-06-22 11:47:48.358  INFO 1392 --- [    Test worker] .s.d.r.c.RepositoryConfigurationDelegate : Finished Spring Data repository scanning in 8ms. Found 1 JPA repository interfaces.
2020-06-22 11:47:48.403  INFO 1392 --- [    Test worker] trationDelegate$BeanPostProcessorChecker : Bean 'org.springframework.transaction.annotation.ProxyTransactionManagementConfiguration' of type [org.springframework.transaction.annotation.ProxyTransactionManagementConfiguration] is not eligible for getting processed by all BeanPostProcessors (for example: not eligible for auto-proxying)
2020-06-22 11:47:48.432  WARN 1392 --- [    Test worker] org.apache.tomcat.util.modeler.Registry  : The MBean registry cannot be disabled because it has already been initialised
2020-06-22 11:47:48.438  INFO 1392 --- [    Test worker] o.s.b.w.embedded.tomcat.TomcatWebServer  : Tomcat initialized with port(s): 8889 (http)
2020-06-22 11:47:48.439  INFO 1392 --- [    Test worker] o.apache.catalina.core.StandardService   : Starting service [Tomcat]
2020-06-22 11:47:48.439  INFO 1392 --- [    Test worker] org.apache.catalina.core.StandardEngine  : Starting Servlet engine: [Apache Tomcat/9.0.29]
2020-06-22 11:47:48.472  INFO 1392 --- [    Test worker] o.a.c.c.C.[Tomcat].[localhost].[/]       : Initializing Spring embedded WebApplicationContext
2020-06-22 11:47:48.472  INFO 1392 --- [    Test worker] o.s.web.context.ContextLoader            : Root WebApplicationContext: initialization completed in 363 ms
2020-06-22 11:47:48.510  INFO 1392 --- [    Test worker] com.zaxxer.hikari.HikariDataSource       : HikariPool-2 - Starting...
2020-06-22 11:47:48.521  INFO 1392 --- [    Test worker] com.zaxxer.hikari.HikariDataSource       : HikariPool-2 - Start completed.
2020-06-22 11:47:48.521  INFO 1392 --- [    Test worker] o.s.b.a.h2.H2ConsoleAutoConfiguration    : H2 console available at '/h2-console'. Database available at 'jdbc:h2:file:../quizdb'
2020-06-22 11:47:48.589  INFO 1392 --- [    Test worker] o.hibernate.jpa.internal.util.LogHelper  : HHH000204: Processing PersistenceUnitInfo [name: default]
2020-06-22 11:47:48.596  INFO 1392 --- [    Test worker] org.hibernate.dialect.Dialect            : HHH000400: Using dialect: org.hibernate.dialect.H2Dialect
2020-06-22 11:47:48.678  INFO 1392 --- [    Test worker] o.h.e.t.j.p.i.JtaPlatformInitiator       : HHH000490: Using JtaPlatform implementation: [org.hibernate.engine.transaction.jta.platform.internal.NoJtaPlatform]
2020-06-22 11:47:48.679  INFO 1392 --- [    Test worker] j.LocalContainerEntityManagerFactoryBean : Initialized JPA EntityManagerFactory for persistence unit 'default'
2020-06-22 11:47:48.735  WARN 1392 --- [    Test worker] JpaBaseConfiguration$JpaWebConfiguration : spring.jpa.open-in-view is enabled by default. Therefore, database queries may be performed during view rendering. Explicitly configure spring.jpa.open-in-view to disable this warning
2020-06-22 11:47:48.772  INFO 1392 --- [    Test worker] o.s.s.concurrent.ThreadPoolTaskExecutor  : Initializing ExecutorService 'applicationTaskExecutor'
2020-06-22 11:47:48.869  INFO 1392 --- [    Test worker] o.s.b.a.e.web.EndpointLinksResolver      : Exposing 14 endpoint(s) beneath base path '/actuator'
2020-06-22 11:47:48.890  INFO 1392 --- [    Test worker] o.s.b.w.embedded.tomcat.TomcatWebServer  : Tomcat started on port(s): 8889 (http) with context path ''
2020-06-22 11:47:48.891  INFO 1392 --- [    Test worker] engine.WebQuizEngine                     : Started WebQuizEngine in 0.827 seconds (JVM running for 8.6)
?[1;31m
Start test 20?[0m
2020-06-22 11:47:48.898  INFO 1392 --- [nio-8889-exec-1] o.a.c.c.C.[Tomcat].[localhost].[/]       : Initializing Spring DispatcherServlet 'dispatcherServlet'
2020-06-22 11:47:48.898  INFO 1392 --- [nio-8889-exec-1] o.s.web.servlet.DispatcherServlet        : Initializing Servlet 'dispatcherServlet'
2020-06-22 11:47:48.901  INFO 1392 --- [nio-8889-exec-1] o.s.web.servlet.DispatcherServlet        : Completed initialization in 2 ms
Hibernate: select quiz0_.id as id1_0_, quiz0_.text as text2_0_, quiz0_.title as title3_0_ from quiz quiz0_
Hibernate: select options0_.quiz_id as quiz_id1_2_0_, options0_.options as options2_2_0_ from quiz_options options0_ where options0_.quiz_id=?
Hibernate: select options0_.quiz_id as quiz_id1_2_0_, options0_.options as options2_2_0_ from quiz_options options0_ where options0_.quiz_id=?
?[1;31m
Start test 21?[0m
Hibernate: select quiz0_.id as id1_0_0_, quiz0_.text as text2_0_0_, quiz0_.title as title3_0_0_ from quiz quiz0_ where quiz0_.id=?
Hibernate: select answer0_.quiz_id as quiz_id1_1_0_, answer0_.answer as answer2_1_0_ from quiz_answer answer0_ where answer0_.quiz_id=?
?[1;31m
Start test 22?[0m
Hibernate: select quiz0_.id as id1_0_0_, quiz0_.text as text2_0_0_, quiz0_.title as title3_0_0_ from quiz quiz0_ where quiz0_.id=?
Hibernate: select answer0_.quiz_id as quiz_id1_1_0_, answer0_.answer as answer2_1_0_ from quiz_answer answer0_ where answer0_.quiz_id=?
?[1;31m
Start test 23?[0m
Hibernate: select quiz0_.id as id1_0_0_, quiz0_.text as text2_0_0_, quiz0_.title as title3_0_0_ from quiz quiz0_ where quiz0_.id=?
Hibernate: select answer0_.quiz_id as quiz_id1_1_0_, answer0_.answer as answer2_1_0_ from quiz_answer answer0_ where answer0_.quiz_id=?
?[1;31m
Start test 24?[0m
Hibernate: select quiz0_.id as id1_0_0_, quiz0_.text as text2_0_0_, quiz0_.title as title3_0_0_ from quiz quiz0_ where quiz0_.id=?
Hibernate: select answer0_.quiz_id as quiz_id1_1_0_, answer0_.answer as answer2_1_0_ from quiz_answer answer0_ where answer0_.quiz_id=?
?[1;31m
Start test 25?[0m
2020-06-22 11:47:48.955  WARN 1392 --- [nio-8889-exec-6] .w.s.m.s.DefaultHandlerExceptionResolver : Resolved [org.springframework.http.converter.HttpMessageNotReadableException: JSON parse error: Unexpected character ('"' (code 34)): was expecting comma to separate Object entries; nested exception is com.fasterxml.jackson.core.JsonParseException: Unexpected character ('"' (code 34)): was expecting comma to separate Object entries
 at [Source: (PushbackInputStream); line: 4, column: 4]]
?[1;31m
Start test 26?[0m
2020-06-22 11:47:48.964  WARN 1392 --- [nio-8889-exec-7] .w.s.m.s.DefaultHandlerExceptionResolver : Resolved [org.springframework.http.converter.HttpMessageNotReadableException: JSON parse error: Unexpected character ('"' (code 34)): was expecting comma to separate Object entries; nested exception is com.fasterxml.jackson.core.JsonParseException: Unexpected character ('"' (code 34)): was expecting comma to separate Object entries
 at [Source: (PushbackInputStream); line: 5, column: 4]]
?[1;31m
Start test 27?[0m
2020-06-22 11:47:48.970  WARN 1392 --- [nio-8889-exec-8] .w.s.m.s.DefaultHandlerExceptionResolver : Resolved [org.springframework.http.converter.HttpMessageNotReadableException: JSON parse error: Unexpected character ('"' (code 34)): was expecting comma to separate Object entries; nested exception is com.fasterxml.jackson.core.JsonParseException: Unexpected character ('"' (code 34)): was expecting comma to separate Object entries
 at [Source: (PushbackInputStream); line: 4, column: 4]]
?[1;31m
Start test 28?[0m
2020-06-22 11:47:48.977  WARN 1392 --- [nio-8889-exec-9] .w.s.m.s.DefaultHandlerExceptionResolver : Resolved [org.springframework.http.converter.HttpMessageNotReadableException: JSON parse error: Unexpected character ('"' (code 34)): was expecting comma to separate Object entries; nested exception is com.fasterxml.jackson.core.JsonParseException: Unexpected character ('"' (code 34)): was expecting comma to separate Object entries
 at [Source: (PushbackInputStream); line: 5, column: 4]]
?[1;31m
Start test 29?[0m
2020-06-22 11:47:49.020  WARN 1392 --- [io-8889-exec-10] .w.s.m.s.DefaultHandlerExceptionResolver : Resolved [org.springframework.web.bind.MethodArgumentNotValidException: Validation failed for argument [0] in public org.springframework.http.ResponseEntity<engine.model.Quiz> engine.controller.QuizController.addQuiz(engine.model.Quiz): [Field error in object 'quiz' on field 'options': rejected value [null]; codes [NotNull.quiz.options,NotNull.options,NotNull.java.util.List,NotNull]; arguments [org.springframework.context.support.DefaultMessageSourceResolvable: codes [quiz.options,options]; arguments []; default message [options]]; default message [must not be null]] ]
?[1;31m
Start test 30?[0m
2020-06-22 11:47:49.039  WARN 1392 --- [nio-8889-exec-1] .w.s.m.s.DefaultHandlerExceptionResolver : Resolved [org.springframework.http.converter.HttpMessageNotReadableException: JSON parse error: Unexpected character ('"' (code 34)): was expecting comma to separate Object entries; nested exception is com.fasterxml.jackson.core.JsonParseException: Unexpected character ('"' (code 34)): was expecting comma to separate Object entries
 at [Source: (PushbackInputStream); line: 5, column: 4]]
?[1;31m
Start test 31?[0m
2020-06-22 11:47:49.046  WARN 1392 --- [nio-8889-exec-2] .w.s.m.s.DefaultHandlerExceptionResolver : Resolved [org.springframework.http.converter.HttpMessageNotReadableException: JSON parse error: Unexpected character ('"' (code 34)): was expecting comma to separate Object entries; nested exception is com.fasterxml.jackson.core.JsonParseException: Unexpected character ('"' (code 34)): was expecting comma to separate Object entries
 at [Source: (PushbackInputStream); line: 5, column: 4]]
?[1;31m
Start test 32?[0m
Hibernate: select quiz0_.id as id1_0_0_, quiz0_.text as text2_0_0_, quiz0_.title as title3_0_0_ from quiz quiz0_ where quiz0_.id=?
Hibernate: call next value for hibernate_sequence
Hibernate: insert into quiz (text, title, id) values (?, ?, ?)
Hibernate: insert into quiz_answer (quiz_id, answer) values (?, ?)
Hibernate: insert into quiz_answer (quiz_id, answer) values (?, ?)
Hibernate: insert into quiz_options (quiz_id, options) values (?, ?)
Hibernate: insert into quiz_options (quiz_id, options) values (?, ?)
Hibernate: insert into quiz_options (quiz_id, options) values (?, ?)
Hibernate: insert into quiz_options (quiz_id, options) values (?, ?)
?[1;31m
Start test 33?[0m
Hibernate: select quiz0_.id as id1_0_0_, quiz0_.text as text2_0_0_, quiz0_.title as title3_0_0_ from quiz quiz0_ where quiz0_.id=?
Hibernate: select options0_.quiz_id as quiz_id1_2_0_, options0_.options as options2_2_0_ from quiz_options options0_ where options0_.quiz_id=?
?[1;31m
Start test 34?[0m
Hibernate: select quiz0_.id as id1_0_0_, quiz0_.text as text2_0_0_, quiz0_.title as title3_0_0_ from quiz quiz0_ where quiz0_.id=?
?[1;31m
Start test 35?[0m
Hibernate: select quiz0_.id as id1_0_0_, quiz0_.text as text2_0_0_, quiz0_.title as title3_0_0_ from quiz quiz0_ where quiz0_.id=?
Hibernate: select answer0_.quiz_id as quiz_id1_1_0_, answer0_.answer as answer2_1_0_ from quiz_answer answer0_ where answer0_.quiz_id=?
?[1;31m
Start test 36?[0m
Hibernate: select quiz0_.id as id1_0_0_, quiz0_.text as text2_0_0_, quiz0_.title as title3_0_0_ from quiz quiz0_ where quiz0_.id=?
Hibernate: select answer0_.quiz_id as quiz_id1_1_0_, answer0_.answer as answer2_1_0_ from quiz_answer answer0_ where answer0_.quiz_id=?
?[1;31m
Start test 37?[0m
Hibernate: select quiz0_.id as id1_0_0_, quiz0_.text as text2_0_0_, quiz0_.title as title3_0_0_ from quiz quiz0_ where quiz0_.id=?
Hibernate: select answer0_.quiz_id as quiz_id1_1_0_, answer0_.answer as answer2_1_0_ from quiz_answer answer0_ where answer0_.quiz_id=?
?[1;31m
Start test 38?[0m
Hibernate: select quiz0_.id as id1_0_0_, quiz0_.text as text2_0_0_, quiz0_.title as title3_0_0_ from quiz quiz0_ where quiz0_.id=?
Hibernate: select answer0_.quiz_id as quiz_id1_1_0_, answer0_.answer as answer2_1_0_ from quiz_answer answer0_ where answer0_.quiz_id=?
?[1;31m
Start test 39?[0m
Hibernate: select quiz0_.id as id1_0_0_, quiz0_.text as text2_0_0_, quiz0_.title as title3_0_0_ from quiz quiz0_ where quiz0_.id=?
Hibernate: select answer0_.quiz_id as quiz_id1_1_0_, answer0_.answer as answer2_1_0_ from quiz_answer answer0_ where answer0_.quiz_id=?
?[1;31m
Start test 40?[0m
Hibernate: select quiz0_.id as id1_0_0_, quiz0_.text as text2_0_0_, quiz0_.title as title3_0_0_ from quiz quiz0_ where quiz0_.id=?
Hibernate: select answer0_.quiz_id as quiz_id1_1_0_, answer0_.answer as answer2_1_0_ from quiz_answer answer0_ where answer0_.quiz_id=?
?[1;31m
Start test 41?[0m
Hibernate: select quiz0_.id as id1_0_0_, quiz0_.text as text2_0_0_, quiz0_.title as title3_0_0_ from quiz quiz0_ where quiz0_.id=?
Hibernate: select answer0_.quiz_id as quiz_id1_1_0_, answer0_.answer as answer2_1_0_ from quiz_answer answer0_ where answer0_.quiz_id=?
?[1;31m
Start test 42?[0m
Hibernate: select quiz0_.id as id1_0_0_, quiz0_.text as text2_0_0_, quiz0_.title as title3_0_0_ from quiz quiz0_ where quiz0_.id=?
Hibernate: select answer0_.quiz_id as quiz_id1_1_0_, answer0_.answer as answer2_1_0_ from quiz_answer answer0_ where answer0_.quiz_id=?
?[1;31m
Start test 43?[0m
Hibernate: select quiz0_.id as id1_0_0_, quiz0_.text as text2_0_0_, quiz0_.title as title3_0_0_ from quiz quiz0_ where quiz0_.id=?
Hibernate: select answer0_.quiz_id as quiz_id1_1_0_, answer0_.answer as answer2_1_0_ from quiz_answer answer0_ where answer0_.quiz_id=?
?[1;31m
Start test 44?[0m
Hibernate: select quiz0_.id as id1_0_0_, quiz0_.text as text2_0_0_, quiz0_.title as title3_0_0_ from quiz quiz0_ where quiz0_.id=?
Hibernate: select answer0_.quiz_id as quiz_id1_1_0_, answer0_.answer as answer2_1_0_ from quiz_answer answer0_ where answer0_.quiz_id=?
?[1;31m
Start test 45?[0m
Hibernate: select quiz0_.id as id1_0_0_, quiz0_.text as text2_0_0_, quiz0_.title as title3_0_0_ from quiz quiz0_ where quiz0_.id=?
Hibernate: select answer0_.quiz_id as quiz_id1_1_0_, answer0_.answer as answer2_1_0_ from quiz_answer answer0_ where answer0_.quiz_id=?
?[1;31m
Start test 46?[0m
Hibernate: select quiz0_.id as id1_0_0_, quiz0_.text as text2_0_0_, quiz0_.title as title3_0_0_ from quiz quiz0_ where quiz0_.id=?
Hibernate: select answer0_.quiz_id as quiz_id1_1_0_, answer0_.answer as answer2_1_0_ from quiz_answer answer0_ where answer0_.quiz_id=?
?[1;31m
Start test 47?[0m
Hibernate: select quiz0_.id as id1_0_0_, quiz0_.text as text2_0_0_, quiz0_.title as title3_0_0_ from quiz quiz0_ where quiz0_.id=?
Hibernate: select answer0_.quiz_id as quiz_id1_1_0_, answer0_.answer as answer2_1_0_ from quiz_answer answer0_ where answer0_.quiz_id=?
?[1;31m
Start test 48?[0m
Hibernate: select quiz0_.id as id1_0_0_, quiz0_.text as text2_0_0_, quiz0_.title as title3_0_0_ from quiz quiz0_ where quiz0_.id=?
Hibernate: select answer0_.quiz_id as quiz_id1_1_0_, answer0_.answer as answer2_1_0_ from quiz_answer answer0_ where answer0_.quiz_id=?
?[1;31m
Start test 49?[0m
Hibernate: select quiz0_.id as id1_0_0_, quiz0_.text as text2_0_0_, quiz0_.title as title3_0_0_ from quiz quiz0_ where quiz0_.id=?
Hibernate: select answer0_.quiz_id as quiz_id1_1_0_, answer0_.answer as answer2_1_0_ from quiz_answer answer0_ where answer0_.quiz_id=?
?[1;31m
Start test 50?[0m
Hibernate: select quiz0_.id as id1_0_0_, quiz0_.text as text2_0_0_, quiz0_.title as title3_0_0_ from quiz quiz0_ where quiz0_.id=?
Hibernate: call next value for hibernate_sequence
Hibernate: insert into quiz (text, title, id) values (?, ?, ?)
Hibernate: insert into quiz_answer (quiz_id, answer) values (?, ?)
Hibernate: insert into quiz_answer (quiz_id, answer) values (?, ?)
Hibernate: insert into quiz_options (quiz_id, options) values (?, ?)
Hibernate: insert into quiz_options (quiz_id, options) values (?, ?)
Hibernate: insert into quiz_options (quiz_id, options) values (?, ?)
Hibernate: insert into quiz_options (quiz_id, options) values (?, ?)
?[1;31m
Start test 51?[0m
Hibernate: select quiz0_.id as id1_0_0_, quiz0_.text as text2_0_0_, quiz0_.title as title3_0_0_ from quiz quiz0_ where quiz0_.id=?
Hibernate: select options0_.quiz_id as quiz_id1_2_0_, options0_.options as options2_2_0_ from quiz_options options0_ where options0_.quiz_id=?
?[1;31m
Start test 52?[0m
Hibernate: select quiz0_.id as id1_0_0_, quiz0_.text as text2_0_0_, quiz0_.title as title3_0_0_ from quiz quiz0_ where quiz0_.id=?
?[1;31m
Start test 53?[0m
Hibernate: select quiz0_.id as id1_0_0_, quiz0_.text as text2_0_0_, quiz0_.title as title3_0_0_ from quiz quiz0_ where quiz0_.id=?
Hibernate: select answer0_.quiz_id as quiz_id1_1_0_, answer0_.answer as answer2_1_0_ from quiz_answer answer0_ where answer0_.quiz_id=?
?[1;31m
Start test 54?[0m
Hibernate: select quiz0_.id as id1_0_0_, quiz0_.text as text2_0_0_, quiz0_.title as title3_0_0_ from quiz quiz0_ where quiz0_.id=?
Hibernate: select answer0_.quiz_id as quiz_id1_1_0_, answer0_.answer as answer2_1_0_ from quiz_answer answer0_ where answer0_.quiz_id=?
?[1;31m
Start test 55?[0m
Hibernate: select quiz0_.id as id1_0_0_, quiz0_.text as text2_0_0_, quiz0_.title as title3_0_0_ from quiz quiz0_ where quiz0_.id=?
Hibernate: select answer0_.quiz_id as quiz_id1_1_0_, answer0_.answer as answer2_1_0_ from quiz_answer answer0_ where answer0_.quiz_id=?
?[1;31m
Start test 56?[0m
Hibernate: select quiz0_.id as id1_0_0_, quiz0_.text as text2_0_0_, quiz0_.title as title3_0_0_ from quiz quiz0_ where quiz0_.id=?
Hibernate: select answer0_.quiz_id as quiz_id1_1_0_, answer0_.answer as answer2_1_0_ from quiz_answer answer0_ where answer0_.quiz_id=?
?[1;31m
Start test 57?[0m
Hibernate: select quiz0_.id as id1_0_0_, quiz0_.text as text2_0_0_, quiz0_.title as title3_0_0_ from quiz quiz0_ where quiz0_.id=?
Hibernate: select answer0_.quiz_id as quiz_id1_1_0_, answer0_.answer as answer2_1_0_ from quiz_answer answer0_ where answer0_.quiz_id=?
?[1;31m
Start test 58?[0m
Hibernate: select quiz0_.id as id1_0_0_, quiz0_.text as text2_0_0_, quiz0_.title as title3_0_0_ from quiz quiz0_ where quiz0_.id=?
Hibernate: select answer0_.quiz_id as quiz_id1_1_0_, answer0_.answer as answer2_1_0_ from quiz_answer answer0_ where answer0_.quiz_id=?
?[1;31m
Start test 59?[0m
Hibernate: select quiz0_.id as id1_0_0_, quiz0_.text as text2_0_0_, quiz0_.title as title3_0_0_ from quiz quiz0_ where quiz0_.id=?
Hibernate: select answer0_.quiz_id as quiz_id1_1_0_, answer0_.answer as answer2_1_0_ from quiz_answer answer0_ where answer0_.quiz_id=?
?[1;31m
Start test 60?[0m
Hibernate: select quiz0_.id as id1_0_0_, quiz0_.text as text2_0_0_, quiz0_.title as title3_0_0_ from quiz quiz0_ where quiz0_.id=?
Hibernate: select answer0_.quiz_id as quiz_id1_1_0_, answer0_.answer as answer2_1_0_ from quiz_answer answer0_ where answer0_.quiz_id=?
?[1;31m
Start test 61?[0m
Hibernate: select quiz0_.id as id1_0_0_, quiz0_.text as text2_0_0_, quiz0_.title as title3_0_0_ from quiz quiz0_ where quiz0_.id=?
Hibernate: select answer0_.quiz_id as quiz_id1_1_0_, answer0_.answer as answer2_1_0_ from quiz_answer answer0_ where answer0_.quiz_id=?
?[1;31m
Start test 62?[0m
Hibernate: select quiz0_.id as id1_0_0_, quiz0_.text as text2_0_0_, quiz0_.title as title3_0_0_ from quiz quiz0_ where quiz0_.id=?
Hibernate: select answer0_.quiz_id as quiz_id1_1_0_, answer0_.answer as answer2_1_0_ from quiz_answer answer0_ where answer0_.quiz_id=?
?[1;31m
Start test 63?[0m
Hibernate: select quiz0_.id as id1_0_0_, quiz0_.text as text2_0_0_, quiz0_.title as title3_0_0_ from quiz quiz0_ where quiz0_.id=?
Hibernate: select answer0_.quiz_id as quiz_id1_1_0_, answer0_.answer as answer2_1_0_ from quiz_answer answer0_ where answer0_.quiz_id=?
?[1;31m
Start test 64?[0m
Hibernate: select quiz0_.id as id1_0_0_, quiz0_.text as text2_0_0_, quiz0_.title as title3_0_0_ from quiz quiz0_ where quiz0_.id=?
Hibernate: select answer0_.quiz_id as quiz_id1_1_0_, answer0_.answer as answer2_1_0_ from quiz_answer answer0_ where answer0_.quiz_id=?
?[1;31m
Start test 65?[0m
Hibernate: select quiz0_.id as id1_0_0_, quiz0_.text as text2_0_0_, quiz0_.title as title3_0_0_ from quiz quiz0_ where quiz0_.id=?
Hibernate: select answer0_.quiz_id as quiz_id1_1_0_, answer0_.answer as answer2_1_0_ from quiz_answer answer0_ where answer0_.quiz_id=?
?[1;31m
Start test 66?[0m
Hibernate: select quiz0_.id as id1_0_0_, quiz0_.text as text2_0_0_, quiz0_.title as title3_0_0_ from quiz quiz0_ where quiz0_.id=?
Hibernate: select answer0_.quiz_id as quiz_id1_1_0_, answer0_.answer as answer2_1_0_ from quiz_answer answer0_ where answer0_.quiz_id=?
?[1;31m
Start test 67?[0m
Hibernate: select quiz0_.id as id1_0_0_, quiz0_.text as text2_0_0_, quiz0_.title as title3_0_0_ from quiz quiz0_ where quiz0_.id=?
Hibernate: select answer0_.quiz_id as quiz_id1_1_0_, answer0_.answer as answer2_1_0_ from quiz_answer answer0_ where answer0_.quiz_id=?
?[1;31m
Start test 68?[0m
Hibernate: select quiz0_.id as id1_0_0_, quiz0_.text as text2_0_0_, quiz0_.title as title3_0_0_ from quiz quiz0_ where quiz0_.id=?
Hibernate: call next value for hibernate_sequence
Hibernate: insert into quiz (text, title, id) values (?, ?, ?)
Hibernate: insert into quiz_options (quiz_id, options) values (?, ?)
Hibernate: insert into quiz_options (quiz_id, options) values (?, ?)
Hibernate: insert into quiz_options (quiz_id, options) values (?, ?)
Hibernate: insert into quiz_options (quiz_id, options) values (?, ?)
?[1;31m
Start test 69?[0m
Hibernate: select quiz0_.id as id1_0_0_, quiz0_.text as text2_0_0_, quiz0_.title as title3_0_0_ from quiz quiz0_ where quiz0_.id=?
Hibernate: select options0_.quiz_id as quiz_id1_2_0_, options0_.options as options2_2_0_ from quiz_options options0_ where options0_.quiz_id=?
?[1;31m
Start test 70?[0m
Hibernate: select quiz0_.id as id1_0_0_, quiz0_.text as text2_0_0_, quiz0_.title as title3_0_0_ from quiz quiz0_ where quiz0_.id=?
?[1;31m
Start test 71?[0m
Hibernate: select quiz0_.id as id1_0_0_, quiz0_.text as text2_0_0_, quiz0_.title as title3_0_0_ from quiz quiz0_ where quiz0_.id=?
Hibernate: select answer0_.quiz_id as quiz_id1_1_0_, answer0_.answer as answer2_1_0_ from quiz_answer answer0_ where answer0_.quiz_id=?
?[1;31m
Start test 72?[0m
Hibernate: select quiz0_.id as id1_0_0_, quiz0_.text as text2_0_0_, quiz0_.title as title3_0_0_ from quiz quiz0_ where quiz0_.id=?
Hibernate: select answer0_.quiz_id as quiz_id1_1_0_, answer0_.answer as answer2_1_0_ from quiz_answer answer0_ where answer0_.quiz_id=?
?[1;31m
Start test 73?[0m
Hibernate: select quiz0_.id as id1_0_0_, quiz0_.text as text2_0_0_, quiz0_.title as title3_0_0_ from quiz quiz0_ where quiz0_.id=?
Hibernate: select answer0_.quiz_id as quiz_id1_1_0_, answer0_.answer as answer2_1_0_ from quiz_answer answer0_ where answer0_.quiz_id=?
?[1;31m
Start test 74?[0m
Hibernate: select quiz0_.id as id1_0_0_, quiz0_.text as text2_0_0_, quiz0_.title as title3_0_0_ from quiz quiz0_ where quiz0_.id=?
Hibernate: select answer0_.quiz_id as quiz_id1_1_0_, answer0_.answer as answer2_1_0_ from quiz_answer answer0_ where answer0_.quiz_id=?
?[1;31m
Start test 75?[0m
Hibernate: select quiz0_.id as id1_0_0_, quiz0_.text as text2_0_0_, quiz0_.title as title3_0_0_ from quiz quiz0_ where quiz0_.id=?
Hibernate: select answer0_.quiz_id as quiz_id1_1_0_, answer0_.answer as answer2_1_0_ from quiz_answer answer0_ where answer0_.quiz_id=?
?[1;31m
Start test 76?[0m
Hibernate: select quiz0_.id as id1_0_0_, quiz0_.text as text2_0_0_, quiz0_.title as title3_0_0_ from quiz quiz0_ where quiz0_.id=?
Hibernate: select answer0_.quiz_id as quiz_id1_1_0_, answer0_.answer as answer2_1_0_ from quiz_answer answer0_ where answer0_.quiz_id=?
?[1;31m
Start test 77?[0m
Hibernate: select quiz0_.id as id1_0_0_, quiz0_.text as text2_0_0_, quiz0_.title as title3_0_0_ from quiz quiz0_ where quiz0_.id=?
Hibernate: select answer0_.quiz_id as quiz_id1_1_0_, answer0_.answer as answer2_1_0_ from quiz_answer answer0_ where answer0_.quiz_id=?
?[1;31m
Start test 78?[0m
Hibernate: select quiz0_.id as id1_0_0_, quiz0_.text as text2_0_0_, quiz0_.title as title3_0_0_ from quiz quiz0_ where quiz0_.id=?
Hibernate: select answer0_.quiz_id as quiz_id1_1_0_, answer0_.answer as answer2_1_0_ from quiz_answer answer0_ where answer0_.quiz_id=?
?[1;31m
Start test 79?[0m
Hibernate: select quiz0_.id as id1_0_0_, quiz0_.text as text2_0_0_, quiz0_.title as title3_0_0_ from quiz quiz0_ where quiz0_.id=?
Hibernate: select answer0_.quiz_id as quiz_id1_1_0_, answer0_.answer as answer2_1_0_ from quiz_answer answer0_ where answer0_.quiz_id=?
?[1;31m
Start test 80?[0m
Hibernate: select quiz0_.id as id1_0_0_, quiz0_.text as text2_0_0_, quiz0_.title as title3_0_0_ from quiz quiz0_ where quiz0_.id=?
Hibernate: select answer0_.quiz_id as quiz_id1_1_0_, answer0_.answer as answer2_1_0_ from quiz_answer answer0_ where answer0_.quiz_id=?
?[1;31m
Start test 81?[0m
Hibernate: select quiz0_.id as id1_0_0_, quiz0_.text as text2_0_0_, quiz0_.title as title3_0_0_ from quiz quiz0_ where quiz0_.id=?
Hibernate: select answer0_.quiz_id as quiz_id1_1_0_, answer0_.answer as answer2_1_0_ from quiz_answer answer0_ where answer0_.quiz_id=?
?[1;31m
Start test 82?[0m
Hibernate: select quiz0_.id as id1_0_0_, quiz0_.text as text2_0_0_, quiz0_.title as title3_0_0_ from quiz quiz0_ where quiz0_.id=?
Hibernate: select answer0_.quiz_id as quiz_id1_1_0_, answer0_.answer as answer2_1_0_ from quiz_answer answer0_ where answer0_.quiz_id=?
?[1;31m
Start test 83?[0m
Hibernate: select quiz0_.id as id1_0_0_, quiz0_.text as text2_0_0_, quiz0_.title as title3_0_0_ from quiz quiz0_ where quiz0_.id=?
Hibernate: select answer0_.quiz_id as quiz_id1_1_0_, answer0_.answer as answer2_1_0_ from quiz_answer answer0_ where answer0_.quiz_id=?
?[1;31m
Start test 84?[0m
Hibernate: select quiz0_.id as id1_0_0_, quiz0_.text as text2_0_0_, quiz0_.title as title3_0_0_ from quiz quiz0_ where quiz0_.id=?
Hibernate: select answer0_.quiz_id as quiz_id1_1_0_, answer0_.answer as answer2_1_0_ from quiz_answer answer0_ where answer0_.quiz_id=?
?[1;31m
Start test 85?[0m
Hibernate: select quiz0_.id as id1_0_0_, quiz0_.text as text2_0_0_, quiz0_.title as title3_0_0_ from quiz quiz0_ where quiz0_.id=?
Hibernate: select answer0_.quiz_id as quiz_id1_1_0_, answer0_.answer as answer2_1_0_ from quiz_answer answer0_ where answer0_.quiz_id=?
?[1;31m
Start test 86?[0m
Hibernate: select quiz0_.id as id1_0_0_, quiz0_.text as text2_0_0_, quiz0_.title as title3_0_0_ from quiz quiz0_ where quiz0_.id=?
Hibernate: call next value for hibernate_sequence
Hibernate: insert into quiz (text, title, id) values (?, ?, ?)
Hibernate: insert into quiz_options (quiz_id, options) values (?, ?)
Hibernate: insert into quiz_options (quiz_id, options) values (?, ?)
Hibernate: insert into quiz_options (quiz_id, options) values (?, ?)
Hibernate: insert into quiz_options (quiz_id, options) values (?, ?)
?[1;31m
Start test 87?[0m
Hibernate: select quiz0_.id as id1_0_0_, quiz0_.text as text2_0_0_, quiz0_.title as title3_0_0_ from quiz quiz0_ where quiz0_.id=?
Hibernate: select options0_.quiz_id as quiz_id1_2_0_, options0_.options as options2_2_0_ from quiz_options options0_ where options0_.quiz_id=?
?[1;31m
Start test 88?[0m
Hibernate: select quiz0_.id as id1_0_0_, quiz0_.text as text2_0_0_, quiz0_.title as title3_0_0_ from quiz quiz0_ where quiz0_.id=?
?[1;31m
Start test 89?[0m
Hibernate: select quiz0_.id as id1_0_0_, quiz0_.text as text2_0_0_, quiz0_.title as title3_0_0_ from quiz quiz0_ where quiz0_.id=?
Hibernate: select answer0_.quiz_id as quiz_id1_1_0_, answer0_.answer as answer2_1_0_ from quiz_answer answer0_ where answer0_.quiz_id=?
?[1;31m
Start test 90?[0m
Hibernate: select quiz0_.id as id1_0_0_, quiz0_.text as text2_0_0_, quiz0_.title as title3_0_0_ from quiz quiz0_ where quiz0_.id=?
Hibernate: select answer0_.quiz_id as quiz_id1_1_0_, answer0_.answer as answer2_1_0_ from quiz_answer answer0_ where answer0_.quiz_id=?
?[1;31m
Start test 91?[0m
Hibernate: select quiz0_.id as id1_0_0_, quiz0_.text as text2_0_0_, quiz0_.title as title3_0_0_ from quiz quiz0_ where quiz0_.id=?
Hibernate: select answer0_.quiz_id as quiz_id1_1_0_, answer0_.answer as answer2_1_0_ from quiz_answer answer0_ where answer0_.quiz_id=?
?[1;31m
Start test 92?[0m
Hibernate: select quiz0_.id as id1_0_0_, quiz0_.text as text2_0_0_, quiz0_.title as title3_0_0_ from quiz quiz0_ where quiz0_.id=?
Hibernate: select answer0_.quiz_id as quiz_id1_1_0_, answer0_.answer as answer2_1_0_ from quiz_answer answer0_ where answer0_.quiz_id=?
?[1;31m
Start test 93?[0m
Hibernate: select quiz0_.id as id1_0_0_, quiz0_.text as text2_0_0_, quiz0_.title as title3_0_0_ from quiz quiz0_ where quiz0_.id=?
Hibernate: select answer0_.quiz_id as quiz_id1_1_0_, answer0_.answer as answer2_1_0_ from quiz_answer answer0_ where answer0_.quiz_id=?
?[1;31m
Start test 94?[0m
Hibernate: select quiz0_.id as id1_0_0_, quiz0_.text as text2_0_0_, quiz0_.title as title3_0_0_ from quiz quiz0_ where quiz0_.id=?
Hibernate: select answer0_.quiz_id as quiz_id1_1_0_, answer0_.answer as answer2_1_0_ from quiz_answer answer0_ where answer0_.quiz_id=?
?[1;31m
Start test 95?[0m
Hibernate: select quiz0_.id as id1_0_0_, quiz0_.text as text2_0_0_, quiz0_.title as title3_0_0_ from quiz quiz0_ where quiz0_.id=?
Hibernate: select answer0_.quiz_id as quiz_id1_1_0_, answer0_.answer as answer2_1_0_ from quiz_answer answer0_ where answer0_.quiz_id=?
?[1;31m
Start test 96?[0m
Hibernate: select quiz0_.id as id1_0_0_, quiz0_.text as text2_0_0_, quiz0_.title as title3_0_0_ from quiz quiz0_ where quiz0_.id=?
Hibernate: select answer0_.quiz_id as quiz_id1_1_0_, answer0_.answer as answer2_1_0_ from quiz_answer answer0_ where answer0_.quiz_id=?
?[1;31m
Start test 97?[0m
Hibernate: select quiz0_.id as id1_0_0_, quiz0_.text as text2_0_0_, quiz0_.title as title3_0_0_ from quiz quiz0_ where quiz0_.id=?
Hibernate: select answer0_.quiz_id as quiz_id1_1_0_, answer0_.answer as answer2_1_0_ from quiz_answer answer0_ where answer0_.quiz_id=?
?[1;31m
Start test 98?[0m
Hibernate: select quiz0_.id as id1_0_0_, quiz0_.text as text2_0_0_, quiz0_.title as title3_0_0_ from quiz quiz0_ where quiz0_.id=?
Hibernate: select answer0_.quiz_id as quiz_id1_1_0_, answer0_.answer as answer2_1_0_ from quiz_answer answer0_ where answer0_.quiz_id=?
?[1;31m
Start test 99?[0m
Hibernate: select quiz0_.id as id1_0_0_, quiz0_.text as text2_0_0_, quiz0_.title as title3_0_0_ from quiz quiz0_ where quiz0_.id=?
Hibernate: select answer0_.quiz_id as quiz_id1_1_0_, answer0_.answer as answer2_1_0_ from quiz_answer answer0_ where answer0_.quiz_id=?
?[1;31m
Start test 100?[0m
Hibernate: select quiz0_.id as id1_0_0_, quiz0_.text as text2_0_0_, quiz0_.title as title3_0_0_ from quiz quiz0_ where quiz0_.id=?
Hibernate: select answer0_.quiz_id as quiz_id1_1_0_, answer0_.answer as answer2_1_0_ from quiz_answer answer0_ where answer0_.quiz_id=?
?[1;31m
Start test 101?[0m
Hibernate: select quiz0_.id as id1_0_0_, quiz0_.text as text2_0_0_, quiz0_.title as title3_0_0_ from quiz quiz0_ where quiz0_.id=?
Hibernate: select answer0_.quiz_id as quiz_id1_1_0_, answer0_.answer as answer2_1_0_ from quiz_answer answer0_ where answer0_.quiz_id=?
?[1;31m
Start test 102?[0m
Hibernate: select quiz0_.id as id1_0_0_, quiz0_.text as text2_0_0_, quiz0_.title as title3_0_0_ from quiz quiz0_ where quiz0_.id=?
Hibernate: select answer0_.quiz_id as quiz_id1_1_0_, answer0_.answer as answer2_1_0_ from quiz_answer answer0_ where answer0_.quiz_id=?
?[1;31m
Start test 103?[0m
Hibernate: select quiz0_.id as id1_0_0_, quiz0_.text as text2_0_0_, quiz0_.title as title3_0_0_ from quiz quiz0_ where quiz0_.id=?
Hibernate: select answer0_.quiz_id as quiz_id1_1_0_, answer0_.answer as answer2_1_0_ from quiz_answer answer0_ where answer0_.quiz_id=?
?[1;31m
Start test 104?[0m
Hibernate: select quiz0_.id as id1_0_0_, quiz0_.text as text2_0_0_, quiz0_.title as title3_0_0_ from quiz quiz0_ where quiz0_.id=?
Hibernate: call next value for hibernate_sequence
Hibernate: insert into quiz (text, title, id) values (?, ?, ?)
Hibernate: insert into quiz_answer (quiz_id, answer) values (?, ?)
Hibernate: insert into quiz_answer (quiz_id, answer) values (?, ?)
Hibernate: insert into quiz_answer (quiz_id, answer) values (?, ?)
Hibernate: insert into quiz_options (quiz_id, options) values (?, ?)
Hibernate: insert into quiz_options (quiz_id, options) values (?, ?)
Hibernate: insert into quiz_options (quiz_id, options) values (?, ?)
Hibernate: insert into quiz_options (quiz_id, options) values (?, ?)
?[1;31m
Start test 105?[0m
Hibernate: select quiz0_.id as id1_0_0_, quiz0_.text as text2_0_0_, quiz0_.title as title3_0_0_ from quiz quiz0_ where quiz0_.id=?
Hibernate: select options0_.quiz_id as quiz_id1_2_0_, options0_.options as options2_2_0_ from quiz_options options0_ where options0_.quiz_id=?
?[1;31m
Start test 106?[0m
Hibernate: select quiz0_.id as id1_0_0_, quiz0_.text as text2_0_0_, quiz0_.title as title3_0_0_ from quiz quiz0_ where quiz0_.id=?
?[1;31m
Start test 107?[0m
Hibernate: select quiz0_.id as id1_0_0_, quiz0_.text as text2_0_0_, quiz0_.title as title3_0_0_ from quiz quiz0_ where quiz0_.id=?
Hibernate: select answer0_.quiz_id as quiz_id1_1_0_, answer0_.answer as answer2_1_0_ from quiz_answer answer0_ where answer0_.quiz_id=?
?[1;31m
Start test 108?[0m
Hibernate: select quiz0_.id as id1_0_0_, quiz0_.text as text2_0_0_, quiz0_.title as title3_0_0_ from quiz quiz0_ where quiz0_.id=?
Hibernate: select answer0_.quiz_id as quiz_id1_1_0_, answer0_.answer as answer2_1_0_ from quiz_answer answer0_ where answer0_.quiz_id=?
?[1;31m
Start test 109?[0m
Hibernate: select quiz0_.id as id1_0_0_, quiz0_.text as text2_0_0_, quiz0_.title as title3_0_0_ from quiz quiz0_ where quiz0_.id=?
Hibernate: select answer0_.quiz_id as quiz_id1_1_0_, answer0_.answer as answer2_1_0_ from quiz_answer answer0_ where answer0_.quiz_id=?
?[1;31m
Start test 110?[0m
Hibernate: select quiz0_.id as id1_0_0_, quiz0_.text as text2_0_0_, quiz0_.title as title3_0_0_ from quiz quiz0_ where quiz0_.id=?
Hibernate: select answer0_.quiz_id as quiz_id1_1_0_, answer0_.answer as answer2_1_0_ from quiz_answer answer0_ where answer0_.quiz_id=?
?[1;31m
Start test 111?[0m
Hibernate: select quiz0_.id as id1_0_0_, quiz0_.text as text2_0_0_, quiz0_.title as title3_0_0_ from quiz quiz0_ where quiz0_.id=?
Hibernate: select answer0_.quiz_id as quiz_id1_1_0_, answer0_.answer as answer2_1_0_ from quiz_answer answer0_ where answer0_.quiz_id=?
?[1;31m
Start test 112?[0m
Hibernate: select quiz0_.id as id1_0_0_, quiz0_.text as text2_0_0_, quiz0_.title as title3_0_0_ from quiz quiz0_ where quiz0_.id=?
Hibernate: select answer0_.quiz_id as quiz_id1_1_0_, answer0_.answer as answer2_1_0_ from quiz_answer answer0_ where answer0_.quiz_id=?
?[1;31m
Start test 113?[0m
Hibernate: select quiz0_.id as id1_0_0_, quiz0_.text as text2_0_0_, quiz0_.title as title3_0_0_ from quiz quiz0_ where quiz0_.id=?
Hibernate: select answer0_.quiz_id as quiz_id1_1_0_, answer0_.answer as answer2_1_0_ from quiz_answer answer0_ where answer0_.quiz_id=?
?[1;31m
Start test 114?[0m
Hibernate: select quiz0_.id as id1_0_0_, quiz0_.text as text2_0_0_, quiz0_.title as title3_0_0_ from quiz quiz0_ where quiz0_.id=?
Hibernate: select answer0_.quiz_id as quiz_id1_1_0_, answer0_.answer as answer2_1_0_ from quiz_answer answer0_ where answer0_.quiz_id=?
?[1;31m
Start test 115?[0m
Hibernate: select quiz0_.id as id1_0_0_, quiz0_.text as text2_0_0_, quiz0_.title as title3_0_0_ from quiz quiz0_ where quiz0_.id=?
Hibernate: select answer0_.quiz_id as quiz_id1_1_0_, answer0_.answer as answer2_1_0_ from quiz_answer answer0_ where answer0_.quiz_id=?
?[1;31m
Start test 116?[0m
Hibernate: select quiz0_.id as id1_0_0_, quiz0_.text as text2_0_0_, quiz0_.title as title3_0_0_ from quiz quiz0_ where quiz0_.id=?
Hibernate: select answer0_.quiz_id as quiz_id1_1_0_, answer0_.answer as answer2_1_0_ from quiz_answer answer0_ where answer0_.quiz_id=?
?[1;31m
Start test 117?[0m
Hibernate: select quiz0_.id as id1_0_0_, quiz0_.text as text2_0_0_, quiz0_.title as title3_0_0_ from quiz quiz0_ where quiz0_.id=?
Hibernate: select answer0_.quiz_id as quiz_id1_1_0_, answer0_.answer as answer2_1_0_ from quiz_answer answer0_ where answer0_.quiz_id=?
?[1;31m
Start test 118?[0m
Hibernate: select quiz0_.id as id1_0_0_, quiz0_.text as text2_0_0_, quiz0_.title as title3_0_0_ from quiz quiz0_ where quiz0_.id=?
Hibernate: select answer0_.quiz_id as quiz_id1_1_0_, answer0_.answer as answer2_1_0_ from quiz_answer answer0_ where answer0_.quiz_id=?
?[1;31m
Start test 119?[0m
Hibernate: select quiz0_.id as id1_0_0_, quiz0_.text as text2_0_0_, quiz0_.title as title3_0_0_ from quiz quiz0_ where quiz0_.id=?
Hibernate: select answer0_.quiz_id as quiz_id1_1_0_, answer0_.answer as answer2_1_0_ from quiz_answer answer0_ where answer0_.quiz_id=?
?[1;31m
Start test 120?[0m
Hibernate: select quiz0_.id as id1_0_0_, quiz0_.text as text2_0_0_, quiz0_.title as title3_0_0_ from quiz quiz0_ where quiz0_.id=?
Hibernate: select answer0_.quiz_id as quiz_id1_1_0_, answer0_.answer as answer2_1_0_ from quiz_answer answer0_ where answer0_.quiz_id=?
?[1;31m
Start test 121?[0m
Hibernate: select quiz0_.id as id1_0_0_, quiz0_.text as text2_0_0_, quiz0_.title as title3_0_0_ from quiz quiz0_ where quiz0_.id=?
Hibernate: select answer0_.quiz_id as quiz_id1_1_0_, answer0_.answer as answer2_1_0_ from quiz_answer answer0_ where answer0_.quiz_id=?
?[1;31m
Start test 122?[0m
Hibernate: select quiz0_.id as id1_0_, quiz0_.text as text2_0_, quiz0_.title as title3_0_ from quiz quiz0_
Hibernate: select options0_.quiz_id as quiz_id1_2_0_, options0_.options as options2_2_0_ from quiz_options options0_ where options0_.quiz_id=?
Hibernate: select options0_.quiz_id as quiz_id1_2_0_, options0_.options as options2_2_0_ from quiz_options options0_ where options0_.quiz_id=?
Hibernate: select options0_.quiz_id as quiz_id1_2_0_, options0_.options as options2_2_0_ from quiz_options options0_ where options0_.quiz_id=?
Hibernate: select options0_.quiz_id as quiz_id1_2_0_, options0_.options as options2_2_0_ from quiz_options options0_ where options0_.quiz_id=?
Hibernate: select options0_.quiz_id as quiz_id1_2_0_, options0_.options as options2_2_0_ from quiz_options options0_ where options0_.quiz_id=?
Hibernate: select options0_.quiz_id as quiz_id1_2_0_, options0_.options as options2_2_0_ from quiz_options options0_ where options0_.quiz_id=?
Hibernate: select options0_.quiz_id as quiz_id1_2_0_, options0_.options as options2_2_0_ from quiz_options options0_ where options0_.quiz_id=?
?[1;31m
Start test 123?[0m
2020-06-22 11:47:50.210  INFO 1392 --- [       Thread-9] o.s.s.concurrent.ThreadPoolTaskExecutor  : Shutting down ExecutorService 'applicationTaskExecutor'
2020-06-22 11:47:50.211  INFO 1392 --- [       Thread-9] j.LocalContainerEntityManagerFactoryBean : Closing JPA EntityManagerFactory for persistence unit 'default'
2020-06-22 11:47:50.213  INFO 1392 --- [       Thread-9] com.zaxxer.hikari.HikariDataSource       : HikariPool-2 - Shutdown initiated...
2020-06-22 11:47:50.231  INFO 1392 --- [       Thread-9] com.zaxxer.hikari.HikariDataSource       : HikariPool-2 - Shutdown completed.

  .   ____          _            __ _ _
 /\\ / ___'_ __ _ _(_)_ __  __ _ \ \ \ \
( ( )\___ | '_ | '_| | '_ \/ _` | \ \ \ \
 \\/  ___)| |_)| | | | | || (_| |  ) ) ) )
  '  |____| .__|_| |_|_| |_\__, | / / / /
 =========|_|==============|___/=/_/_/_/
 :: Spring Boot ::        (v2.2.2.RELEASE)

2020-06-22 11:47:50.335  INFO 1392 --- [    Test worker] engine.WebQuizEngine                     : Starting WebQuizEngine on DESKTOP-H0T0QGB with PID 1392 (started by nefed in C:\Users\nefed\IdeaProjects\Web Quiz Engine1\Web Quiz Engine\task)
2020-06-22 11:47:50.336  INFO 1392 --- [    Test worker] engine.WebQuizEngine                     : No active profile set, falling back to default profiles: default
2020-06-22 11:47:50.574  INFO 1392 --- [    Test worker] .s.d.r.c.RepositoryConfigurationDelegate : Bootstrapping Spring Data JPA repositories in DEFAULT mode.
2020-06-22 11:47:50.583  INFO 1392 --- [    Test worker] .s.d.r.c.RepositoryConfigurationDelegate : Finished Spring Data repository scanning in 8ms. Found 1 JPA repository interfaces.
2020-06-22 11:47:50.621  INFO 1392 --- [    Test worker] trationDelegate$BeanPostProcessorChecker : Bean 'org.springframework.transaction.annotation.ProxyTransactionManagementConfiguration' of type [org.springframework.transaction.annotation.ProxyTransactionManagementConfiguration] is not eligible for getting processed by all BeanPostProcessors (for example: not eligible for auto-proxying)
2020-06-22 11:47:50.646  WARN 1392 --- [    Test worker] org.apache.tomcat.util.modeler.Registry  : The MBean registry cannot be disabled because it has already been initialised
2020-06-22 11:47:50.652  INFO 1392 --- [    Test worker] o.s.b.w.embedded.tomcat.TomcatWebServer  : Tomcat initialized with port(s): 8889 (http)
2020-06-22 11:47:50.653  INFO 1392 --- [    Test worker] o.apache.catalina.core.StandardService   : Starting service [Tomcat]
2020-06-22 11:47:50.653  INFO 1392 --- [    Test worker] org.apache.catalina.core.StandardEngine  : Starting Servlet engine: [Apache Tomcat/9.0.29]
2020-06-22 11:47:50.685  INFO 1392 --- [    Test worker] o.a.c.c.C.[Tomcat].[localhost].[/]       : Initializing Spring embedded WebApplicationContext
2020-06-22 11:47:50.685  INFO 1392 --- [    Test worker] o.s.web.context.ContextLoader            : Root WebApplicationContext: initialization completed in 347 ms
2020-06-22 11:47:50.717  INFO 1392 --- [    Test worker] com.zaxxer.hikari.HikariDataSource       : HikariPool-3 - Starting...
2020-06-22 11:47:50.724  INFO 1392 --- [    Test worker] com.zaxxer.hikari.HikariDataSource       : HikariPool-3 - Start completed.
2020-06-22 11:47:50.724  INFO 1392 --- [    Test worker] o.s.b.a.h2.H2ConsoleAutoConfiguration    : H2 console available at '/h2-console'. Database available at 'jdbc:h2:file:../quizdb'
2020-06-22 11:47:50.787  INFO 1392 --- [    Test worker] o.hibernate.jpa.internal.util.LogHelper  : HHH000204: Processing PersistenceUnitInfo [name: default]
2020-06-22 11:47:50.794  INFO 1392 --- [    Test worker] org.hibernate.dialect.Dialect            : HHH000400: Using dialect: org.hibernate.dialect.H2Dialect
2020-06-22 11:47:50.854  INFO 1392 --- [    Test worker] o.h.e.t.j.p.i.JtaPlatformInitiator       : HHH000490: Using JtaPlatform implementation: [org.hibernate.engine.transaction.jta.platform.internal.NoJtaPlatform]
2020-06-22 11:47:50.855  INFO 1392 --- [    Test worker] j.LocalContainerEntityManagerFactoryBean : Initialized JPA EntityManagerFactory for persistence unit 'default'
2020-06-22 11:47:50.905  WARN 1392 --- [    Test worker] JpaBaseConfiguration$JpaWebConfiguration : spring.jpa.open-in-view is enabled by default. Therefore, database queries may be performed during view rendering. Explicitly configure spring.jpa.open-in-view to disable this warning
2020-06-22 11:47:50.938  INFO 1392 --- [    Test worker] o.s.s.concurrent.ThreadPoolTaskExecutor  : Initializing ExecutorService 'applicationTaskExecutor'
2020-06-22 11:47:51.017  INFO 1392 --- [    Test worker] o.s.b.a.e.web.EndpointLinksResolver      : Exposing 14 endpoint(s) beneath base path '/actuator'
2020-06-22 11:47:51.037  INFO 1392 --- [    Test worker] o.s.b.w.embedded.tomcat.TomcatWebServer  : Tomcat started on port(s): 8889 (http) with context path ''
2020-06-22 11:47:51.037  INFO 1392 --- [    Test worker] engine.WebQuizEngine                     : Started WebQuizEngine in 0.725 seconds (JVM running for 10.747)
?[1;31m
Start test 124?[0m
2020-06-22 11:47:51.044  INFO 1392 --- [nio-8889-exec-1] o.a.c.c.C.[Tomcat].[localhost].[/]       : Initializing Spring DispatcherServlet 'dispatcherServlet'
2020-06-22 11:47:51.044  INFO 1392 --- [nio-8889-exec-1] o.s.web.servlet.DispatcherServlet        : Initializing Servlet 'dispatcherServlet'
2020-06-22 11:47:51.047  INFO 1392 --- [nio-8889-exec-1] o.s.web.servlet.DispatcherServlet        : Completed initialization in 3 ms
Hibernate: select quiz0_.id as id1_0_, quiz0_.text as text2_0_, quiz0_.title as title3_0_ from quiz quiz0_
Hibernate: select options0_.quiz_id as quiz_id1_2_0_, options0_.options as options2_2_0_ from quiz_options options0_ where options0_.quiz_id=?
Hibernate: select options0_.quiz_id as quiz_id1_2_0_, options0_.options as options2_2_0_ from quiz_options options0_ where options0_.quiz_id=?
Hibernate: select options0_.quiz_id as quiz_id1_2_0_, options0_.options as options2_2_0_ from quiz_options options0_ where options0_.quiz_id=?
Hibernate: select options0_.quiz_id as quiz_id1_2_0_, options0_.options as options2_2_0_ from quiz_options options0_ where options0_.quiz_id=?
Hibernate: select options0_.quiz_id as quiz_id1_2_0_, options0_.options as options2_2_0_ from quiz_options options0_ where options0_.quiz_id=?
Hibernate: select options0_.quiz_id as quiz_id1_2_0_, options0_.options as options2_2_0_ from quiz_options options0_ where options0_.quiz_id=?
Hibernate: select options0_.quiz_id as quiz_id1_2_0_, options0_.options as options2_2_0_ from quiz_options options0_ where options0_.quiz_id=?
?[1;31m
Start test 125?[0m
Hibernate: select quiz0_.id as id1_0_0_, quiz0_.text as text2_0_0_, quiz0_.title as title3_0_0_ from quiz quiz0_ where quiz0_.id=?
Hibernate: select answer0_.quiz_id as quiz_id1_1_0_, answer0_.answer as answer2_1_0_ from quiz_answer answer0_ where answer0_.quiz_id=?
?[1;31m
Start test 126?[0m
Hibernate: select quiz0_.id as id1_0_0_, quiz0_.text as text2_0_0_, quiz0_.title as title3_0_0_ from quiz quiz0_ where quiz0_.id=?
Hibernate: select answer0_.quiz_id as quiz_id1_1_0_, answer0_.answer as answer2_1_0_ from quiz_answer answer0_ where answer0_.quiz_id=?
?[1;31m
Start test 127?[0m
Hibernate: select quiz0_.id as id1_0_0_, quiz0_.text as text2_0_0_, quiz0_.title as title3_0_0_ from quiz quiz0_ where quiz0_.id=?
Hibernate: select answer0_.quiz_id as quiz_id1_1_0_, answer0_.answer as answer2_1_0_ from quiz_answer answer0_ where answer0_.quiz_id=?
?[1;31m
Start test 128?[0m
Hibernate: select quiz0_.id as id1_0_0_, quiz0_.text as text2_0_0_, quiz0_.title as title3_0_0_ from quiz quiz0_ where quiz0_.id=?
Hibernate: select answer0_.quiz_id as quiz_id1_1_0_, answer0_.answer as answer2_1_0_ from quiz_answer answer0_ where answer0_.quiz_id=?
]]></system-out>
  <system-err><![CDATA[]]></system-err>
</testsuite>
