<?xml version="1.0" encoding="UTF-8"?>
<testsuite name="tests.WebQuizEngineTest" tests="1" skipped="0" failures="0" errors="0" timestamp="2020-06-24T18:48:09" hostname="DESKTOP-H0T0QGB" time="32.83">
  <properties/>
  <testcase name="start" classname="tests.WebQuizEngineTest" time="32.83"/>
  <system-out><![CDATA[?[1;31m
Start test 1?[0m

  .   ____          _            __ _ _
 /\\ / ___'_ __ _ _(_)_ __  __ _ \ \ \ \
( ( )\___ | '_ | '_| | '_ \/ _` | \ \ \ \
 \\/  ___)| |_)| | | | | || (_| |  ) ) ) )
  '  |____| .__|_| |_|_| |_\__, | / / / /
 =========|_|==============|___/=/_/_/_/
 :: Spring Boot ::        (v2.2.2.RELEASE)

2020-06-24 21:48:09.818  INFO 11120 --- [    Test worker] engine.WebQuizEngine                     : Starting WebQuizEngine on DESKTOP-H0T0QGB with PID 11120 (started by nefed in D:\Web-Quiz-Engine\Web Quiz Engine\task)
2020-06-24 21:48:09.823  INFO 11120 --- [    Test worker] engine.WebQuizEngine                     : No active profile set, falling back to default profiles: default
2020-06-24 21:48:10.740  INFO 11120 --- [    Test worker] .s.d.r.c.RepositoryConfigurationDelegate : Bootstrapping Spring Data JPA repositories in DEFAULT mode.
2020-06-24 21:48:10.829  INFO 11120 --- [    Test worker] .s.d.r.c.RepositoryConfigurationDelegate : Finished Spring Data repository scanning in 80ms. Found 3 JPA repository interfaces.
2020-06-24 21:48:11.218  INFO 11120 --- [    Test worker] trationDelegate$BeanPostProcessorChecker : Bean 'org.springframework.transaction.annotation.ProxyTransactionManagementConfiguration' of type [org.springframework.transaction.annotation.ProxyTransactionManagementConfiguration] is not eligible for getting processed by all BeanPostProcessors (for example: not eligible for auto-proxying)
2020-06-24 21:48:11.465  INFO 11120 --- [    Test worker] o.s.b.w.embedded.tomcat.TomcatWebServer  : Tomcat initialized with port(s): 8889 (http)
2020-06-24 21:48:11.477  INFO 11120 --- [    Test worker] o.apache.catalina.core.StandardService   : Starting service [Tomcat]
2020-06-24 21:48:11.478  INFO 11120 --- [    Test worker] org.apache.catalina.core.StandardEngine  : Starting Servlet engine: [Apache Tomcat/9.0.29]
2020-06-24 21:48:11.624  INFO 11120 --- [    Test worker] o.a.c.c.C.[Tomcat].[localhost].[/]       : Initializing Spring embedded WebApplicationContext
2020-06-24 21:48:11.624  INFO 11120 --- [    Test worker] o.s.web.context.ContextLoader            : Root WebApplicationContext: initialization completed in 1759 ms
2020-06-24 21:48:11.754  INFO 11120 --- [    Test worker] com.zaxxer.hikari.HikariDataSource       : HikariPool-1 - Starting...
2020-06-24 21:48:11.938  INFO 11120 --- [    Test worker] com.zaxxer.hikari.HikariDataSource       : HikariPool-1 - Start completed.
2020-06-24 21:48:11.946  INFO 11120 --- [    Test worker] o.s.b.a.h2.H2ConsoleAutoConfiguration    : H2 console available at '/h2-console'. Database available at 'jdbc:h2:file:../quizdb'
2020-06-24 21:48:12.241  INFO 11120 --- [    Test worker] o.hibernate.jpa.internal.util.LogHelper  : HHH000204: Processing PersistenceUnitInfo [name: default]
2020-06-24 21:48:12.332  INFO 11120 --- [    Test worker] org.hibernate.Version                    : HHH000412: Hibernate Core {5.4.9.Final}
2020-06-24 21:48:12.485  INFO 11120 --- [    Test worker] o.hibernate.annotations.common.Version   : HCANN000001: Hibernate Commons Annotations {5.1.0.Final}
2020-06-24 21:48:12.607  INFO 11120 --- [    Test worker] org.hibernate.dialect.Dialect            : HHH000400: Using dialect: org.hibernate.dialect.H2Dialect
Hibernate: create table completed_quiz (id bigint not null, completed_at timestamp, quiz_id bigint, user_id bigint, primary key (id))
Hibernate: create table quiz (id bigint not null, text varchar(255), title varchar(255), user_id bigint, primary key (id))
Hibernate: create table quiz_answer (quiz_id bigint not null, answer integer)
Hibernate: create table quiz_options (quiz_id bigint not null, options varchar(255))
Hibernate: create table user (id bigint not null, email varchar(255) not null, password varchar(255), primary key (id))
Hibernate: create sequence hibernate_sequence start with 1 increment by 1
Hibernate: alter table completed_quiz add constraint FKrvuvf2ew682xc2m3vk72e7e84 foreign key (user_id) references user
Hibernate: alter table quiz add constraint FK1tofsm1qynhakggx7ttqh8ihu foreign key (user_id) references user
Hibernate: alter table quiz_answer add constraint FKoxi2td1x8cc3y4a0vlsg2hfnc foreign key (quiz_id) references quiz
Hibernate: alter table quiz_options add constraint FKsx28j7orq6asg17veq9nblhw8 foreign key (quiz_id) references quiz
2020-06-24 21:48:13.494  INFO 11120 --- [    Test worker] o.h.e.t.j.p.i.JtaPlatformInitiator       : HHH000490: Using JtaPlatform implementation: [org.hibernate.engine.transaction.jta.platform.internal.NoJtaPlatform]
2020-06-24 21:48:13.501  INFO 11120 --- [    Test worker] j.LocalContainerEntityManagerFactoryBean : Initialized JPA EntityManagerFactory for persistence unit 'default'
2020-06-24 21:48:13.543  WARN 11120 --- [    Test worker] JpaBaseConfiguration$JpaWebConfiguration : spring.jpa.open-in-view is enabled by default. Therefore, database queries may be performed during view rendering. Explicitly configure spring.jpa.open-in-view to disable this warning
2020-06-24 21:48:14.103  INFO 11120 --- [    Test worker] o.s.s.web.DefaultSecurityFilterChain     : Creating filter chain: any request, [org.springframework.security.web.context.request.async.WebAsyncManagerIntegrationFilter@384c08fd, org.springframework.security.web.context.SecurityContextPersistenceFilter@26b95a26, org.springframework.security.web.header.HeaderWriterFilter@5683557f, org.springframework.security.web.authentication.logout.LogoutFilter@3dd0ceaf, org.springframework.security.web.authentication.www.BasicAuthenticationFilter@2f981a94, org.springframework.security.web.savedrequest.RequestCacheAwareFilter@52e7dbbc, org.springframework.security.web.servletapi.SecurityContextHolderAwareRequestFilter@1ace65e8, org.springframework.security.web.authentication.AnonymousAuthenticationFilter@22ccddbe, org.springframework.security.web.session.SessionManagementFilter@2af881ff, org.springframework.security.web.access.ExceptionTranslationFilter@30ef0386, org.springframework.security.web.access.intercept.FilterSecurityInterceptor@38c26726]
2020-06-24 21:48:14.231  INFO 11120 --- [    Test worker] o.s.s.concurrent.ThreadPoolTaskExecutor  : Initializing ExecutorService 'applicationTaskExecutor'
2020-06-24 21:48:14.520  INFO 11120 --- [    Test worker] o.s.b.a.e.web.EndpointLinksResolver      : Exposing 14 endpoint(s) beneath base path '/actuator'
2020-06-24 21:48:14.586  INFO 11120 --- [    Test worker] o.s.b.w.embedded.tomcat.TomcatWebServer  : Tomcat started on port(s): 8889 (http) with context path ''
2020-06-24 21:48:14.589  INFO 11120 --- [    Test worker] engine.WebQuizEngine                     : Started WebQuizEngine in 5.138 seconds (JVM running for 6.101)
2020-06-24 21:48:14.949  INFO 11120 --- [nio-8889-exec-1] o.a.c.c.C.[Tomcat].[localhost].[/]       : Initializing Spring DispatcherServlet 'dispatcherServlet'
2020-06-24 21:48:14.950  INFO 11120 --- [nio-8889-exec-1] o.s.web.servlet.DispatcherServlet        : Initializing Servlet 'dispatcherServlet'
2020-06-24 21:48:14.963  INFO 11120 --- [nio-8889-exec-1] o.s.web.servlet.DispatcherServlet        : Completed initialization in 12 ms
Hibernate: select user0_.id as id1_4_, user0_.email as email2_4_, user0_.password as password3_4_ from user user0_ where user0_.email=?
Hibernate: call next value for hibernate_sequence
Hibernate: insert into user (email, password, id) values (?, ?, ?)
?[1;31m
Start test 2?[0m
Hibernate: select user0_.id as id1_4_, user0_.email as email2_4_, user0_.password as password3_4_ from user user0_ where user0_.email=?
Hibernate: call next value for hibernate_sequence
Hibernate: insert into user (email, password, id) values (?, ?, ?)
?[1;31m
Start test 3?[0m
2020-06-24 21:48:15.538  WARN 11120 --- [nio-8889-exec-3] .w.s.m.s.DefaultHandlerExceptionResolver : Resolved [org.springframework.web.bind.MethodArgumentNotValidException: Validation failed for argument [0] in public org.springframework.http.ResponseEntity<engine.model.User> engine.controller.UserController.authorizeUser(engine.model.User): [Field error in object 'user' on field 'email': rejected value [google.com]; codes [Email.user.email,Email.email,Email.java.lang.String,Email]; arguments [org.springframework.context.support.DefaultMessageSourceResolvable: codes [user.email,email]; arguments []; default message [email],[Ljavax.validation.constraints.Pattern$Flag;@4fefd49c,.*]; default message [Incorrect format of email]] ]
?[1;31m
Start test 4?[0m
2020-06-24 21:48:15.599  WARN 11120 --- [nio-8889-exec-4] .w.s.m.s.DefaultHandlerExceptionResolver : Resolved [org.springframework.web.bind.MethodArgumentNotValidException: Validation failed for argument [0] in public org.springframework.http.ResponseEntity<engine.model.User> engine.controller.UserController.authorizeUser(engine.model.User): [Field error in object 'user' on field 'email': rejected value [well@googlecom]; codes [Pattern.user.email,Pattern.email,Pattern.java.lang.String,Pattern]; arguments [org.springframework.context.support.DefaultMessageSourceResolvable: codes [user.email,email]; arguments []; default message [email],[Ljavax.validation.constraints.Pattern$Flag;@2d076997,.+\..{2,3}]; default message [Incorrect format of email]] ]
?[1;31m
Start test 5?[0m
Hibernate: select user0_.id as id1_4_, user0_.email as email2_4_, user0_.password as password3_4_ from user user0_ where user0_.email=?
?[1;31m
Start test 6?[0m
2020-06-24 21:48:15.635  WARN 11120 --- [nio-8889-exec-6] .w.s.m.s.DefaultHandlerExceptionResolver : Resolved [org.springframework.web.bind.MethodArgumentNotValidException: Validation failed for argument [0] in public org.springframework.http.ResponseEntity<engine.model.User> engine.controller.UserController.authorizeUser(engine.model.User): [Field error in object 'user' on field 'password': rejected value [1234]; codes [Size.user.password,Size.password,Size.java.lang.String,Size]; arguments [org.springframework.context.support.DefaultMessageSourceResolvable: codes [user.password,password]; arguments []; default message [password],2147483647,5]; default message [Number of symbols has not to be less 5]] ]
?[1;31m
Start test 7?[0m
2020-06-24 21:48:15.644  WARN 11120 --- [nio-8889-exec-7] .w.s.m.s.DefaultHandlerExceptionResolver : Resolved [org.springframework.web.bind.MethodArgumentNotValidException: Validation failed for argument [0] in public org.springframework.http.ResponseEntity<engine.model.User> engine.controller.UserController.authorizeUser(engine.model.User): [Field error in object 'user' on field 'password': rejected value [123]; codes [Size.user.password,Size.password,Size.java.lang.String,Size]; arguments [org.springframework.context.support.DefaultMessageSourceResolvable: codes [user.password,password]; arguments []; default message [password],2147483647,5]; default message [Number of symbols has not to be less 5]] ]
?[1;31m
Start test 8?[0m
Hibernate: select user0_.id as id1_4_, user0_.email as email2_4_, user0_.password as password3_4_ from user user0_ where user0_.email=?
Hibernate: select quiz0_.id as id1_1_, quiz0_.text as text2_1_, quiz0_.title as title3_1_, quiz0_.user_id as user_id4_1_ from quiz quiz0_
?[1;31m
Start test 9?[0m
Hibernate: select user0_.id as id1_4_, user0_.email as email2_4_, user0_.password as password3_4_ from user user0_ where user0_.email=?
Hibernate: select quiz0_.id as id1_1_, quiz0_.text as text2_1_, quiz0_.title as title3_1_, quiz0_.user_id as user_id4_1_ from quiz quiz0_
?[1;31m
Start test 10?[0m
Hibernate: select user0_.id as id1_4_, user0_.email as email2_4_, user0_.password as password3_4_ from user user0_ where user0_.email=?
Hibernate: call next value for hibernate_sequence
Hibernate: insert into quiz (text, title, user_id, id) values (?, ?, ?, ?)
Hibernate: insert into quiz_answer (quiz_id, answer) values (?, ?)
Hibernate: insert into quiz_options (quiz_id, options) values (?, ?)
Hibernate: insert into quiz_options (quiz_id, options) values (?, ?)
Hibernate: insert into quiz_options (quiz_id, options) values (?, ?)
Hibernate: insert into quiz_options (quiz_id, options) values (?, ?)
?[1;31m
Start test 11?[0m
Hibernate: select user0_.id as id1_4_, user0_.email as email2_4_, user0_.password as password3_4_ from user user0_ where user0_.email=?
Hibernate: select quiz0_.id as id1_1_0_, quiz0_.text as text2_1_0_, quiz0_.title as title3_1_0_, quiz0_.user_id as user_id4_1_0_, user1_.id as id1_4_1_, user1_.email as email2_4_1_, user1_.password as password3_4_1_ from quiz quiz0_ left outer join user user1_ on quiz0_.user_id=user1_.id where quiz0_.id=?
Hibernate: select options0_.quiz_id as quiz_id1_3_0_, options0_.options as options2_3_0_ from quiz_options options0_ where options0_.quiz_id=?
?[1;31m
Start test 12?[0m
Hibernate: select user0_.id as id1_4_, user0_.email as email2_4_, user0_.password as password3_4_ from user user0_ where user0_.email=?
Hibernate: select quiz0_.id as id1_1_0_, quiz0_.text as text2_1_0_, quiz0_.title as title3_1_0_, quiz0_.user_id as user_id4_1_0_, user1_.id as id1_4_1_, user1_.email as email2_4_1_, user1_.password as password3_4_1_ from quiz quiz0_ left outer join user user1_ on quiz0_.user_id=user1_.id where quiz0_.id=?
?[1;31m
Start test 13?[0m
Hibernate: select user0_.id as id1_4_, user0_.email as email2_4_, user0_.password as password3_4_ from user user0_ where user0_.email=?
Hibernate: select quiz0_.id as id1_1_, quiz0_.text as text2_1_, quiz0_.title as title3_1_, quiz0_.user_id as user_id4_1_ from quiz quiz0_
Hibernate: select user0_.id as id1_4_0_, user0_.email as email2_4_0_, user0_.password as password3_4_0_ from user user0_ where user0_.id=?
Hibernate: select quiz0_.id as id1_1_, quiz0_.text as text2_1_, quiz0_.title as title3_1_, quiz0_.user_id as user_id4_1_ from quiz quiz0_ order by quiz0_.id asc limit ?
Hibernate: select options0_.quiz_id as quiz_id1_3_0_, options0_.options as options2_3_0_ from quiz_options options0_ where options0_.quiz_id=?
?[1;31m
Start test 14?[0m
Hibernate: select user0_.id as id1_4_, user0_.email as email2_4_, user0_.password as password3_4_ from user user0_ where user0_.email=?
Hibernate: call next value for hibernate_sequence
Hibernate: insert into quiz (text, title, user_id, id) values (?, ?, ?, ?)
Hibernate: insert into quiz_answer (quiz_id, answer) values (?, ?)
Hibernate: insert into quiz_options (quiz_id, options) values (?, ?)
Hibernate: insert into quiz_options (quiz_id, options) values (?, ?)
Hibernate: insert into quiz_options (quiz_id, options) values (?, ?)
Hibernate: insert into quiz_options (quiz_id, options) values (?, ?)
?[1;31m
Start test 15?[0m
Hibernate: select user0_.id as id1_4_, user0_.email as email2_4_, user0_.password as password3_4_ from user user0_ where user0_.email=?
Hibernate: select quiz0_.id as id1_1_0_, quiz0_.text as text2_1_0_, quiz0_.title as title3_1_0_, quiz0_.user_id as user_id4_1_0_, user1_.id as id1_4_1_, user1_.email as email2_4_1_, user1_.password as password3_4_1_ from quiz quiz0_ left outer join user user1_ on quiz0_.user_id=user1_.id where quiz0_.id=?
Hibernate: select options0_.quiz_id as quiz_id1_3_0_, options0_.options as options2_3_0_ from quiz_options options0_ where options0_.quiz_id=?
?[1;31m
Start test 16?[0m
Hibernate: select user0_.id as id1_4_, user0_.email as email2_4_, user0_.password as password3_4_ from user user0_ where user0_.email=?
Hibernate: select quiz0_.id as id1_1_0_, quiz0_.text as text2_1_0_, quiz0_.title as title3_1_0_, quiz0_.user_id as user_id4_1_0_, user1_.id as id1_4_1_, user1_.email as email2_4_1_, user1_.password as password3_4_1_ from quiz quiz0_ left outer join user user1_ on quiz0_.user_id=user1_.id where quiz0_.id=?
?[1;31m
Start test 17?[0m
Hibernate: select user0_.id as id1_4_, user0_.email as email2_4_, user0_.password as password3_4_ from user user0_ where user0_.email=?
Hibernate: select quiz0_.id as id1_1_, quiz0_.text as text2_1_, quiz0_.title as title3_1_, quiz0_.user_id as user_id4_1_ from quiz quiz0_
Hibernate: select user0_.id as id1_4_0_, user0_.email as email2_4_0_, user0_.password as password3_4_0_ from user user0_ where user0_.id=?
Hibernate: select user0_.id as id1_4_0_, user0_.email as email2_4_0_, user0_.password as password3_4_0_ from user user0_ where user0_.id=?
Hibernate: select quiz0_.id as id1_1_, quiz0_.text as text2_1_, quiz0_.title as title3_1_, quiz0_.user_id as user_id4_1_ from quiz quiz0_ order by quiz0_.id asc limit ?
Hibernate: select options0_.quiz_id as quiz_id1_3_0_, options0_.options as options2_3_0_ from quiz_options options0_ where options0_.quiz_id=?
Hibernate: select options0_.quiz_id as quiz_id1_3_0_, options0_.options as options2_3_0_ from quiz_options options0_ where options0_.quiz_id=?
?[1;31m
Start test 18?[0m
?[1;31m
Start test 19?[0m
?[1;31m
Start test 20?[0m
?[1;31m
Start test 21?[0m
?[1;31m
Start test 22?[0m
?[1;31m
Start test 23?[0m
?[1;31m
Start test 24?[0m
?[1;31m
Start test 25?[0m
?[1;31m
Start test 26?[0m
Hibernate: select user0_.id as id1_4_, user0_.email as email2_4_, user0_.password as password3_4_ from user user0_ where user0_.email=?
?[1;31m
Start test 27?[0m
Hibernate: select user0_.id as id1_4_, user0_.email as email2_4_, user0_.password as password3_4_ from user user0_ where user0_.email=?
?[1;31m
Start test 28?[0m
Hibernate: select user0_.id as id1_4_, user0_.email as email2_4_, user0_.password as password3_4_ from user user0_ where user0_.email=?
?[1;31m
Start test 29?[0m
Hibernate: select user0_.id as id1_4_, user0_.email as email2_4_, user0_.password as password3_4_ from user user0_ where user0_.email=?
?[1;31m
Start test 30?[0m
Hibernate: select user0_.id as id1_4_, user0_.email as email2_4_, user0_.password as password3_4_ from user user0_ where user0_.email=?
?[1;31m
Start test 31?[0m
Hibernate: select user0_.id as id1_4_, user0_.email as email2_4_, user0_.password as password3_4_ from user user0_ where user0_.email=?
?[1;31m
Start test 32?[0m
Hibernate: select user0_.id as id1_4_, user0_.email as email2_4_, user0_.password as password3_4_ from user user0_ where user0_.email=?
?[1;31m
Start test 33?[0m
Hibernate: select user0_.id as id1_4_, user0_.email as email2_4_, user0_.password as password3_4_ from user user0_ where user0_.email=?
?[1;31m
Start test 34?[0m
Hibernate: select user0_.id as id1_4_, user0_.email as email2_4_, user0_.password as password3_4_ from user user0_ where user0_.email=?
Hibernate: select quiz0_.id as id1_1_0_, quiz0_.text as text2_1_0_, quiz0_.title as title3_1_0_, quiz0_.user_id as user_id4_1_0_, user1_.id as id1_4_1_, user1_.email as email2_4_1_, user1_.password as password3_4_1_ from quiz quiz0_ left outer join user user1_ on quiz0_.user_id=user1_.id where quiz0_.id=?
Hibernate: select answer0_.quiz_id as quiz_id1_2_0_, answer0_.answer as answer2_2_0_ from quiz_answer answer0_ where answer0_.quiz_id=?
?[1;31m
Start test 35?[0m
Hibernate: select user0_.id as id1_4_, user0_.email as email2_4_, user0_.password as password3_4_ from user user0_ where user0_.email=?
Hibernate: select quiz0_.id as id1_1_0_, quiz0_.text as text2_1_0_, quiz0_.title as title3_1_0_, quiz0_.user_id as user_id4_1_0_, user1_.id as id1_4_1_, user1_.email as email2_4_1_, user1_.password as password3_4_1_ from quiz quiz0_ left outer join user user1_ on quiz0_.user_id=user1_.id where quiz0_.id=?
Hibernate: select answer0_.quiz_id as quiz_id1_2_0_, answer0_.answer as answer2_2_0_ from quiz_answer answer0_ where answer0_.quiz_id=?
?[1;31m
Start test 36?[0m
Hibernate: select user0_.id as id1_4_, user0_.email as email2_4_, user0_.password as password3_4_ from user user0_ where user0_.email=?
Hibernate: select quiz0_.id as id1_1_0_, quiz0_.text as text2_1_0_, quiz0_.title as title3_1_0_, quiz0_.user_id as user_id4_1_0_, user1_.id as id1_4_1_, user1_.email as email2_4_1_, user1_.password as password3_4_1_ from quiz quiz0_ left outer join user user1_ on quiz0_.user_id=user1_.id where quiz0_.id=?
Hibernate: select answer0_.quiz_id as quiz_id1_2_0_, answer0_.answer as answer2_2_0_ from quiz_answer answer0_ where answer0_.quiz_id=?
Hibernate: call next value for hibernate_sequence
Hibernate: insert into completed_quiz (completed_at, quiz_id, user_id, id) values (?, ?, ?, ?)
?[1;31m
Start test 37?[0m
Hibernate: select user0_.id as id1_4_, user0_.email as email2_4_, user0_.password as password3_4_ from user user0_ where user0_.email=?
Hibernate: select quiz0_.id as id1_1_0_, quiz0_.text as text2_1_0_, quiz0_.title as title3_1_0_, quiz0_.user_id as user_id4_1_0_, user1_.id as id1_4_1_, user1_.email as email2_4_1_, user1_.password as password3_4_1_ from quiz quiz0_ left outer join user user1_ on quiz0_.user_id=user1_.id where quiz0_.id=?
Hibernate: select answer0_.quiz_id as quiz_id1_2_0_, answer0_.answer as answer2_2_0_ from quiz_answer answer0_ where answer0_.quiz_id=?
?[1;31m
Start test 38?[0m
Hibernate: select user0_.id as id1_4_, user0_.email as email2_4_, user0_.password as password3_4_ from user user0_ where user0_.email=?
Hibernate: select quiz0_.id as id1_1_0_, quiz0_.text as text2_1_0_, quiz0_.title as title3_1_0_, quiz0_.user_id as user_id4_1_0_, user1_.id as id1_4_1_, user1_.email as email2_4_1_, user1_.password as password3_4_1_ from quiz quiz0_ left outer join user user1_ on quiz0_.user_id=user1_.id where quiz0_.id=?
Hibernate: select answer0_.quiz_id as quiz_id1_2_0_, answer0_.answer as answer2_2_0_ from quiz_answer answer0_ where answer0_.quiz_id=?
?[1;31m
Start test 39?[0m
Hibernate: select user0_.id as id1_4_, user0_.email as email2_4_, user0_.password as password3_4_ from user user0_ where user0_.email=?
Hibernate: select quiz0_.id as id1_1_0_, quiz0_.text as text2_1_0_, quiz0_.title as title3_1_0_, quiz0_.user_id as user_id4_1_0_, user1_.id as id1_4_1_, user1_.email as email2_4_1_, user1_.password as password3_4_1_ from quiz quiz0_ left outer join user user1_ on quiz0_.user_id=user1_.id where quiz0_.id=?
Hibernate: select answer0_.quiz_id as quiz_id1_2_0_, answer0_.answer as answer2_2_0_ from quiz_answer answer0_ where answer0_.quiz_id=?
Hibernate: call next value for hibernate_sequence
Hibernate: insert into completed_quiz (completed_at, quiz_id, user_id, id) values (?, ?, ?, ?)
?[1;31m
Start test 40?[0m
Hibernate: select user0_.id as id1_4_, user0_.email as email2_4_, user0_.password as password3_4_ from user user0_ where user0_.email=?
Hibernate: select quiz0_.id as id1_1_0_, quiz0_.text as text2_1_0_, quiz0_.title as title3_1_0_, quiz0_.user_id as user_id4_1_0_, user1_.id as id1_4_1_, user1_.email as email2_4_1_, user1_.password as password3_4_1_ from quiz quiz0_ left outer join user user1_ on quiz0_.user_id=user1_.id where quiz0_.id=?
Hibernate: select answer0_.quiz_id as quiz_id1_2_0_, answer0_.answer as answer2_2_0_ from quiz_answer answer0_ where answer0_.quiz_id=?
?[1;31m
Start test 41?[0m
Hibernate: select user0_.id as id1_4_, user0_.email as email2_4_, user0_.password as password3_4_ from user user0_ where user0_.email=?
Hibernate: select quiz0_.id as id1_1_0_, quiz0_.text as text2_1_0_, quiz0_.title as title3_1_0_, quiz0_.user_id as user_id4_1_0_, user1_.id as id1_4_1_, user1_.email as email2_4_1_, user1_.password as password3_4_1_ from quiz quiz0_ left outer join user user1_ on quiz0_.user_id=user1_.id where quiz0_.id=?
Hibernate: select answer0_.quiz_id as quiz_id1_2_0_, answer0_.answer as answer2_2_0_ from quiz_answer answer0_ where answer0_.quiz_id=?
?[1;31m
Start test 42?[0m
Hibernate: select user0_.id as id1_4_, user0_.email as email2_4_, user0_.password as password3_4_ from user user0_ where user0_.email=?
Hibernate: select completedq0_.id as id1_0_, completedq0_.completed_at as complete2_0_, completedq0_.quiz_id as quiz_id3_0_, completedq0_.user_id as user_id4_0_ from completed_quiz completedq0_ left outer join user user1_ on completedq0_.user_id=user1_.id where user1_.id=?
Hibernate: select user0_.id as id1_4_0_, user0_.email as email2_4_0_, user0_.password as password3_4_0_ from user user0_ where user0_.id=?
Hibernate: select completedq0_.id as id1_0_, completedq0_.completed_at as complete2_0_, completedq0_.quiz_id as quiz_id3_0_, completedq0_.user_id as user_id4_0_ from completed_quiz completedq0_ left outer join user user1_ on completedq0_.user_id=user1_.id where user1_.id=? order by completedq0_.completed_at desc limit ?
?[1;31m
Start test 43?[0m
Hibernate: select user0_.id as id1_4_, user0_.email as email2_4_, user0_.password as password3_4_ from user user0_ where user0_.email=?
Hibernate: select completedq0_.id as id1_0_, completedq0_.completed_at as complete2_0_, completedq0_.quiz_id as quiz_id3_0_, completedq0_.user_id as user_id4_0_ from completed_quiz completedq0_ left outer join user user1_ on completedq0_.user_id=user1_.id where user1_.id=?
Hibernate: select user0_.id as id1_4_0_, user0_.email as email2_4_0_, user0_.password as password3_4_0_ from user user0_ where user0_.id=?
Hibernate: select completedq0_.id as id1_0_, completedq0_.completed_at as complete2_0_, completedq0_.quiz_id as quiz_id3_0_, completedq0_.user_id as user_id4_0_ from completed_quiz completedq0_ left outer join user user1_ on completedq0_.user_id=user1_.id where user1_.id=? order by completedq0_.completed_at desc limit ?
?[1;31m
Start test 44?[0m
Hibernate: select user0_.id as id1_4_, user0_.email as email2_4_, user0_.password as password3_4_ from user user0_ where user0_.email=?
Hibernate: select quiz0_.id as id1_1_, quiz0_.text as text2_1_, quiz0_.title as title3_1_, quiz0_.user_id as user_id4_1_ from quiz quiz0_
Hibernate: select user0_.id as id1_4_0_, user0_.email as email2_4_0_, user0_.password as password3_4_0_ from user user0_ where user0_.id=?
Hibernate: select user0_.id as id1_4_0_, user0_.email as email2_4_0_, user0_.password as password3_4_0_ from user user0_ where user0_.id=?
Hibernate: select quiz0_.id as id1_1_, quiz0_.text as text2_1_, quiz0_.title as title3_1_, quiz0_.user_id as user_id4_1_ from quiz quiz0_ order by quiz0_.id asc limit ?
Hibernate: select options0_.quiz_id as quiz_id1_3_0_, options0_.options as options2_3_0_ from quiz_options options0_ where options0_.quiz_id=?
Hibernate: select options0_.quiz_id as quiz_id1_3_0_, options0_.options as options2_3_0_ from quiz_options options0_ where options0_.quiz_id=?
?[1;31m
Start test 45?[0m
Hibernate: select user0_.id as id1_4_, user0_.email as email2_4_, user0_.password as password3_4_ from user user0_ where user0_.email=?
Hibernate: select quiz0_.id as id1_1_, quiz0_.text as text2_1_, quiz0_.title as title3_1_, quiz0_.user_id as user_id4_1_ from quiz quiz0_
Hibernate: select user0_.id as id1_4_0_, user0_.email as email2_4_0_, user0_.password as password3_4_0_ from user user0_ where user0_.id=?
Hibernate: select user0_.id as id1_4_0_, user0_.email as email2_4_0_, user0_.password as password3_4_0_ from user user0_ where user0_.id=?
Hibernate: select quiz0_.id as id1_1_, quiz0_.text as text2_1_, quiz0_.title as title3_1_, quiz0_.user_id as user_id4_1_ from quiz quiz0_ order by quiz0_.id asc limit ?
Hibernate: select options0_.quiz_id as quiz_id1_3_0_, options0_.options as options2_3_0_ from quiz_options options0_ where options0_.quiz_id=?
Hibernate: select options0_.quiz_id as quiz_id1_3_0_, options0_.options as options2_3_0_ from quiz_options options0_ where options0_.quiz_id=?
?[1;31m
Start test 46?[0m
2020-06-24 21:48:19.352  INFO 11120 --- [       Thread-6] o.s.s.concurrent.ThreadPoolTaskExecutor  : Shutting down ExecutorService 'applicationTaskExecutor'
2020-06-24 21:48:19.355  INFO 11120 --- [       Thread-6] j.LocalContainerEntityManagerFactoryBean : Closing JPA EntityManagerFactory for persistence unit 'default'
2020-06-24 21:48:19.359  INFO 11120 --- [       Thread-6] com.zaxxer.hikari.HikariDataSource       : HikariPool-1 - Shutdown initiated...
2020-06-24 21:48:19.629  INFO 11120 --- [       Thread-6] com.zaxxer.hikari.HikariDataSource       : HikariPool-1 - Shutdown completed.

  .   ____          _            __ _ _
 /\\ / ___'_ __ _ _(_)_ __  __ _ \ \ \ \
( ( )\___ | '_ | '_| | '_ \/ _` | \ \ \ \
 \\/  ___)| |_)| | | | | || (_| |  ) ) ) )
  '  |____| .__|_| |_|_| |_\__, | / / / /
 =========|_|==============|___/=/_/_/_/
 :: Spring Boot ::        (v2.2.2.RELEASE)

2020-06-24 21:48:19.710  INFO 11120 --- [    Test worker] engine.WebQuizEngine                     : Starting WebQuizEngine on DESKTOP-H0T0QGB with PID 11120 (started by nefed in D:\Web-Quiz-Engine\Web Quiz Engine\task)
2020-06-24 21:48:19.711  INFO 11120 --- [    Test worker] engine.WebQuizEngine                     : No active profile set, falling back to default profiles: default
2020-06-24 21:48:19.949  INFO 11120 --- [    Test worker] .s.d.r.c.RepositoryConfigurationDelegate : Bootstrapping Spring Data JPA repositories in DEFAULT mode.
2020-06-24 21:48:19.960  INFO 11120 --- [    Test worker] .s.d.r.c.RepositoryConfigurationDelegate : Finished Spring Data repository scanning in 11ms. Found 3 JPA repository interfaces.
2020-06-24 21:48:20.018  INFO 11120 --- [    Test worker] trationDelegate$BeanPostProcessorChecker : Bean 'org.springframework.transaction.annotation.ProxyTransactionManagementConfiguration' of type [org.springframework.transaction.annotation.ProxyTransactionManagementConfiguration] is not eligible for getting processed by all BeanPostProcessors (for example: not eligible for auto-proxying)
2020-06-24 21:48:20.049  WARN 11120 --- [    Test worker] org.apache.tomcat.util.modeler.Registry  : The MBean registry cannot be disabled because it has already been initialised
2020-06-24 21:48:20.054  INFO 11120 --- [    Test worker] o.s.b.w.embedded.tomcat.TomcatWebServer  : Tomcat initialized with port(s): 8889 (http)
2020-06-24 21:48:20.055  INFO 11120 --- [    Test worker] o.apache.catalina.core.StandardService   : Starting service [Tomcat]
2020-06-24 21:48:20.055  INFO 11120 --- [    Test worker] org.apache.catalina.core.StandardEngine  : Starting Servlet engine: [Apache Tomcat/9.0.29]
2020-06-24 21:48:20.093  INFO 11120 --- [    Test worker] o.a.c.c.C.[Tomcat].[localhost].[/]       : Initializing Spring embedded WebApplicationContext
2020-06-24 21:48:20.093  INFO 11120 --- [    Test worker] o.s.web.context.ContextLoader            : Root WebApplicationContext: initialization completed in 379 ms
2020-06-24 21:48:20.136  INFO 11120 --- [    Test worker] com.zaxxer.hikari.HikariDataSource       : HikariPool-2 - Starting...
2020-06-24 21:48:20.146  INFO 11120 --- [    Test worker] com.zaxxer.hikari.HikariDataSource       : HikariPool-2 - Start completed.
2020-06-24 21:48:20.146  INFO 11120 --- [    Test worker] o.s.b.a.h2.H2ConsoleAutoConfiguration    : H2 console available at '/h2-console'. Database available at 'jdbc:h2:file:../quizdb'
2020-06-24 21:48:20.225  INFO 11120 --- [    Test worker] o.hibernate.jpa.internal.util.LogHelper  : HHH000204: Processing PersistenceUnitInfo [name: default]
2020-06-24 21:48:20.231  INFO 11120 --- [    Test worker] org.hibernate.dialect.Dialect            : HHH000400: Using dialect: org.hibernate.dialect.H2Dialect
2020-06-24 21:48:20.347  INFO 11120 --- [    Test worker] o.h.e.t.j.p.i.JtaPlatformInitiator       : HHH000490: Using JtaPlatform implementation: [org.hibernate.engine.transaction.jta.platform.internal.NoJtaPlatform]
2020-06-24 21:48:20.347  INFO 11120 --- [    Test worker] j.LocalContainerEntityManagerFactoryBean : Initialized JPA EntityManagerFactory for persistence unit 'default'
2020-06-24 21:48:20.367  WARN 11120 --- [    Test worker] JpaBaseConfiguration$JpaWebConfiguration : spring.jpa.open-in-view is enabled by default. Therefore, database queries may be performed during view rendering. Explicitly configure spring.jpa.open-in-view to disable this warning
2020-06-24 21:48:20.467  INFO 11120 --- [    Test worker] o.s.s.web.DefaultSecurityFilterChain     : Creating filter chain: any request, [org.springframework.security.web.context.request.async.WebAsyncManagerIntegrationFilter@47b4abb0, org.springframework.security.web.context.SecurityContextPersistenceFilter@3bd48fbc, org.springframework.security.web.header.HeaderWriterFilter@68e9145d, org.springframework.security.web.authentication.logout.LogoutFilter@578855a3, org.springframework.security.web.authentication.www.BasicAuthenticationFilter@3b2e045, org.springframework.security.web.savedrequest.RequestCacheAwareFilter@78c77e1a, org.springframework.security.web.servletapi.SecurityContextHolderAwareRequestFilter@58acd6a3, org.springframework.security.web.authentication.AnonymousAuthenticationFilter@15c51b78, org.springframework.security.web.session.SessionManagementFilter@47aae504, org.springframework.security.web.access.ExceptionTranslationFilter@5c63e66a, org.springframework.security.web.access.intercept.FilterSecurityInterceptor@71031e42]
2020-06-24 21:48:20.509  INFO 11120 --- [    Test worker] o.s.s.concurrent.ThreadPoolTaskExecutor  : Initializing ExecutorService 'applicationTaskExecutor'
2020-06-24 21:48:20.603  INFO 11120 --- [    Test worker] o.s.b.a.e.web.EndpointLinksResolver      : Exposing 14 endpoint(s) beneath base path '/actuator'
2020-06-24 21:48:20.623  INFO 11120 --- [    Test worker] o.s.b.w.embedded.tomcat.TomcatWebServer  : Tomcat started on port(s): 8889 (http) with context path ''
2020-06-24 21:48:20.624  INFO 11120 --- [    Test worker] engine.WebQuizEngine                     : Started WebQuizEngine in 0.968 seconds (JVM running for 12.136)
?[1;31m
Start test 47?[0m
2020-06-24 21:48:20.630  INFO 11120 --- [nio-8889-exec-1] o.a.c.c.C.[Tomcat].[localhost].[/]       : Initializing Spring DispatcherServlet 'dispatcherServlet'
2020-06-24 21:48:20.631  INFO 11120 --- [nio-8889-exec-1] o.s.web.servlet.DispatcherServlet        : Initializing Servlet 'dispatcherServlet'
2020-06-24 21:48:20.634  INFO 11120 --- [nio-8889-exec-1] o.s.web.servlet.DispatcherServlet        : Completed initialization in 3 ms
Hibernate: select user0_.id as id1_4_, user0_.email as email2_4_, user0_.password as password3_4_ from user user0_ where user0_.email=?
Hibernate: select quiz0_.id as id1_1_, quiz0_.text as text2_1_, quiz0_.title as title3_1_, quiz0_.user_id as user_id4_1_ from quiz quiz0_
Hibernate: select user0_.id as id1_4_0_, user0_.email as email2_4_0_, user0_.password as password3_4_0_ from user user0_ where user0_.id=?
Hibernate: select user0_.id as id1_4_0_, user0_.email as email2_4_0_, user0_.password as password3_4_0_ from user user0_ where user0_.id=?
Hibernate: select quiz0_.id as id1_1_, quiz0_.text as text2_1_, quiz0_.title as title3_1_, quiz0_.user_id as user_id4_1_ from quiz quiz0_ order by quiz0_.id asc limit ?
Hibernate: select options0_.quiz_id as quiz_id1_3_0_, options0_.options as options2_3_0_ from quiz_options options0_ where options0_.quiz_id=?
Hibernate: select options0_.quiz_id as quiz_id1_3_0_, options0_.options as options2_3_0_ from quiz_options options0_ where options0_.quiz_id=?
?[1;31m
Start test 48?[0m
Hibernate: select user0_.id as id1_4_, user0_.email as email2_4_, user0_.password as password3_4_ from user user0_ where user0_.email=?
Hibernate: select quiz0_.id as id1_1_, quiz0_.text as text2_1_, quiz0_.title as title3_1_, quiz0_.user_id as user_id4_1_ from quiz quiz0_
Hibernate: select user0_.id as id1_4_0_, user0_.email as email2_4_0_, user0_.password as password3_4_0_ from user user0_ where user0_.id=?
Hibernate: select user0_.id as id1_4_0_, user0_.email as email2_4_0_, user0_.password as password3_4_0_ from user user0_ where user0_.id=?
Hibernate: select quiz0_.id as id1_1_, quiz0_.text as text2_1_, quiz0_.title as title3_1_, quiz0_.user_id as user_id4_1_ from quiz quiz0_ order by quiz0_.id asc limit ?
Hibernate: select options0_.quiz_id as quiz_id1_3_0_, options0_.options as options2_3_0_ from quiz_options options0_ where options0_.quiz_id=?
Hibernate: select options0_.quiz_id as quiz_id1_3_0_, options0_.options as options2_3_0_ from quiz_options options0_ where options0_.quiz_id=?
?[1;31m
Start test 49?[0m
Hibernate: select user0_.id as id1_4_, user0_.email as email2_4_, user0_.password as password3_4_ from user user0_ where user0_.email=?
Hibernate: select quiz0_.id as id1_1_0_, quiz0_.text as text2_1_0_, quiz0_.title as title3_1_0_, quiz0_.user_id as user_id4_1_0_, user1_.id as id1_4_1_, user1_.email as email2_4_1_, user1_.password as password3_4_1_ from quiz quiz0_ left outer join user user1_ on quiz0_.user_id=user1_.id where quiz0_.id=?
Hibernate: select answer0_.quiz_id as quiz_id1_2_0_, answer0_.answer as answer2_2_0_ from quiz_answer answer0_ where answer0_.quiz_id=?
Hibernate: call next value for hibernate_sequence
Hibernate: insert into completed_quiz (completed_at, quiz_id, user_id, id) values (?, ?, ?, ?)
?[1;31m
Start test 50?[0m
Hibernate: select user0_.id as id1_4_, user0_.email as email2_4_, user0_.password as password3_4_ from user user0_ where user0_.email=?
Hibernate: select quiz0_.id as id1_1_0_, quiz0_.text as text2_1_0_, quiz0_.title as title3_1_0_, quiz0_.user_id as user_id4_1_0_, user1_.id as id1_4_1_, user1_.email as email2_4_1_, user1_.password as password3_4_1_ from quiz quiz0_ left outer join user user1_ on quiz0_.user_id=user1_.id where quiz0_.id=?
Hibernate: select answer0_.quiz_id as quiz_id1_2_0_, answer0_.answer as answer2_2_0_ from quiz_answer answer0_ where answer0_.quiz_id=?
?[1;31m
Start test 51?[0m
Hibernate: select user0_.id as id1_4_, user0_.email as email2_4_, user0_.password as password3_4_ from user user0_ where user0_.email=?
Hibernate: select quiz0_.id as id1_1_0_, quiz0_.text as text2_1_0_, quiz0_.title as title3_1_0_, quiz0_.user_id as user_id4_1_0_, user1_.id as id1_4_1_, user1_.email as email2_4_1_, user1_.password as password3_4_1_ from quiz quiz0_ left outer join user user1_ on quiz0_.user_id=user1_.id where quiz0_.id=?
Hibernate: select answer0_.quiz_id as quiz_id1_2_0_, answer0_.answer as answer2_2_0_ from quiz_answer answer0_ where answer0_.quiz_id=?
?[1;31m
Start test 52?[0m
Hibernate: select user0_.id as id1_4_, user0_.email as email2_4_, user0_.password as password3_4_ from user user0_ where user0_.email=?
Hibernate: select quiz0_.id as id1_1_0_, quiz0_.text as text2_1_0_, quiz0_.title as title3_1_0_, quiz0_.user_id as user_id4_1_0_, user1_.id as id1_4_1_, user1_.email as email2_4_1_, user1_.password as password3_4_1_ from quiz quiz0_ left outer join user user1_ on quiz0_.user_id=user1_.id where quiz0_.id=?
Hibernate: select answer0_.quiz_id as quiz_id1_2_0_, answer0_.answer as answer2_2_0_ from quiz_answer answer0_ where answer0_.quiz_id=?
Hibernate: call next value for hibernate_sequence
Hibernate: insert into completed_quiz (completed_at, quiz_id, user_id, id) values (?, ?, ?, ?)
?[1;31m
Start test 53?[0m
Hibernate: select user0_.id as id1_4_, user0_.email as email2_4_, user0_.password as password3_4_ from user user0_ where user0_.email=?
Hibernate: select completedq0_.id as id1_0_, completedq0_.completed_at as complete2_0_, completedq0_.quiz_id as quiz_id3_0_, completedq0_.user_id as user_id4_0_ from completed_quiz completedq0_ left outer join user user1_ on completedq0_.user_id=user1_.id where user1_.id=?
Hibernate: select user0_.id as id1_4_0_, user0_.email as email2_4_0_, user0_.password as password3_4_0_ from user user0_ where user0_.id=?
Hibernate: select completedq0_.id as id1_0_, completedq0_.completed_at as complete2_0_, completedq0_.quiz_id as quiz_id3_0_, completedq0_.user_id as user_id4_0_ from completed_quiz completedq0_ left outer join user user1_ on completedq0_.user_id=user1_.id where user1_.id=? order by completedq0_.completed_at desc limit ?
?[1;31m
Start test 54?[0m
Hibernate: select user0_.id as id1_4_, user0_.email as email2_4_, user0_.password as password3_4_ from user user0_ where user0_.email=?
Hibernate: select completedq0_.id as id1_0_, completedq0_.completed_at as complete2_0_, completedq0_.quiz_id as quiz_id3_0_, completedq0_.user_id as user_id4_0_ from completed_quiz completedq0_ left outer join user user1_ on completedq0_.user_id=user1_.id where user1_.id=?
Hibernate: select user0_.id as id1_4_0_, user0_.email as email2_4_0_, user0_.password as password3_4_0_ from user user0_ where user0_.id=?
Hibernate: select completedq0_.id as id1_0_, completedq0_.completed_at as complete2_0_, completedq0_.quiz_id as quiz_id3_0_, completedq0_.user_id as user_id4_0_ from completed_quiz completedq0_ left outer join user user1_ on completedq0_.user_id=user1_.id where user1_.id=? order by completedq0_.completed_at desc limit ?
?[1;31m
Start test 55?[0m
Hibernate: select user0_.id as id1_4_, user0_.email as email2_4_, user0_.password as password3_4_ from user user0_ where user0_.email=?
Hibernate: select completedq0_.id as id1_0_, completedq0_.completed_at as complete2_0_, completedq0_.quiz_id as quiz_id3_0_, completedq0_.user_id as user_id4_0_ from completed_quiz completedq0_ left outer join user user1_ on completedq0_.user_id=user1_.id where user1_.id=?
Hibernate: select user0_.id as id1_4_0_, user0_.email as email2_4_0_, user0_.password as password3_4_0_ from user user0_ where user0_.id=?
Hibernate: select completedq0_.id as id1_0_, completedq0_.completed_at as complete2_0_, completedq0_.quiz_id as quiz_id3_0_, completedq0_.user_id as user_id4_0_ from completed_quiz completedq0_ left outer join user user1_ on completedq0_.user_id=user1_.id where user1_.id=? order by completedq0_.completed_at desc limit ?
?[1;31m
Start test 56?[0m
Hibernate: select user0_.id as id1_4_, user0_.email as email2_4_, user0_.password as password3_4_ from user user0_ where user0_.email=?
Hibernate: select completedq0_.id as id1_0_, completedq0_.completed_at as complete2_0_, completedq0_.quiz_id as quiz_id3_0_, completedq0_.user_id as user_id4_0_ from completed_quiz completedq0_ left outer join user user1_ on completedq0_.user_id=user1_.id where user1_.id=?
Hibernate: select user0_.id as id1_4_0_, user0_.email as email2_4_0_, user0_.password as password3_4_0_ from user user0_ where user0_.id=?
Hibernate: select completedq0_.id as id1_0_, completedq0_.completed_at as complete2_0_, completedq0_.quiz_id as quiz_id3_0_, completedq0_.user_id as user_id4_0_ from completed_quiz completedq0_ left outer join user user1_ on completedq0_.user_id=user1_.id where user1_.id=? order by completedq0_.completed_at desc limit ?
?[1;31m
Start test 57?[0m
Hibernate: select user0_.id as id1_4_, user0_.email as email2_4_, user0_.password as password3_4_ from user user0_ where user0_.email=?
2020-06-24 21:48:21.755  WARN 11120 --- [nio-8889-exec-3] .w.s.m.s.DefaultHandlerExceptionResolver : Resolved [org.springframework.http.converter.HttpMessageNotReadableException: JSON parse error: Unexpected character ('"' (code 34)): was expecting comma to separate Object entries; nested exception is com.fasterxml.jackson.core.JsonParseException: Unexpected character ('"' (code 34)): was expecting comma to separate Object entries
 at [Source: (PushbackInputStream); line: 4, column: 4]]
?[1;31m
Start test 58?[0m
Hibernate: select user0_.id as id1_4_, user0_.email as email2_4_, user0_.password as password3_4_ from user user0_ where user0_.email=?
2020-06-24 21:48:21.842  WARN 11120 --- [nio-8889-exec-4] .w.s.m.s.DefaultHandlerExceptionResolver : Resolved [org.springframework.http.converter.HttpMessageNotReadableException: JSON parse error: Unexpected character ('"' (code 34)): was expecting comma to separate Object entries; nested exception is com.fasterxml.jackson.core.JsonParseException: Unexpected character ('"' (code 34)): was expecting comma to separate Object entries
 at [Source: (PushbackInputStream); line: 5, column: 4]]
?[1;31m
Start test 59?[0m
Hibernate: select user0_.id as id1_4_, user0_.email as email2_4_, user0_.password as password3_4_ from user user0_ where user0_.email=?
2020-06-24 21:48:21.938  WARN 11120 --- [nio-8889-exec-5] .w.s.m.s.DefaultHandlerExceptionResolver : Resolved [org.springframework.http.converter.HttpMessageNotReadableException: JSON parse error: Unexpected character ('"' (code 34)): was expecting comma to separate Object entries; nested exception is com.fasterxml.jackson.core.JsonParseException: Unexpected character ('"' (code 34)): was expecting comma to separate Object entries
 at [Source: (PushbackInputStream); line: 4, column: 4]]
?[1;31m
Start test 60?[0m
Hibernate: select user0_.id as id1_4_, user0_.email as email2_4_, user0_.password as password3_4_ from user user0_ where user0_.email=?
2020-06-24 21:48:22.039  WARN 11120 --- [nio-8889-exec-6] .w.s.m.s.DefaultHandlerExceptionResolver : Resolved [org.springframework.http.converter.HttpMessageNotReadableException: JSON parse error: Unexpected character ('"' (code 34)): was expecting comma to separate Object entries; nested exception is com.fasterxml.jackson.core.JsonParseException: Unexpected character ('"' (code 34)): was expecting comma to separate Object entries
 at [Source: (PushbackInputStream); line: 5, column: 4]]
?[1;31m
Start test 61?[0m
Hibernate: select user0_.id as id1_4_, user0_.email as email2_4_, user0_.password as password3_4_ from user user0_ where user0_.email=?
2020-06-24 21:48:22.169  WARN 11120 --- [nio-8889-exec-7] .w.s.m.s.DefaultHandlerExceptionResolver : Resolved [org.springframework.web.bind.MethodArgumentNotValidException: Validation failed for argument [0] in public org.springframework.http.ResponseEntity<engine.model.Quiz> engine.controller.QuizController.addQuiz(engine.model.Quiz): [Field error in object 'quiz' on field 'options': rejected value [null]; codes [NotNull.quiz.options,NotNull.options,NotNull.java.util.List,NotNull]; arguments [org.springframework.context.support.DefaultMessageSourceResolvable: codes [quiz.options,options]; arguments []; default message [options]]; default message [must not be null]] ]
?[1;31m
Start test 62?[0m
Hibernate: select user0_.id as id1_4_, user0_.email as email2_4_, user0_.password as password3_4_ from user user0_ where user0_.email=?
2020-06-24 21:48:22.275  WARN 11120 --- [nio-8889-exec-8] .w.s.m.s.DefaultHandlerExceptionResolver : Resolved [org.springframework.http.converter.HttpMessageNotReadableException: JSON parse error: Unexpected character ('"' (code 34)): was expecting comma to separate Object entries; nested exception is com.fasterxml.jackson.core.JsonParseException: Unexpected character ('"' (code 34)): was expecting comma to separate Object entries
 at [Source: (PushbackInputStream); line: 5, column: 4]]
?[1;31m
Start test 63?[0m
Hibernate: select user0_.id as id1_4_, user0_.email as email2_4_, user0_.password as password3_4_ from user user0_ where user0_.email=?
2020-06-24 21:48:22.380  WARN 11120 --- [nio-8889-exec-9] .w.s.m.s.DefaultHandlerExceptionResolver : Resolved [org.springframework.http.converter.HttpMessageNotReadableException: JSON parse error: Unexpected character ('"' (code 34)): was expecting comma to separate Object entries; nested exception is com.fasterxml.jackson.core.JsonParseException: Unexpected character ('"' (code 34)): was expecting comma to separate Object entries
 at [Source: (PushbackInputStream); line: 5, column: 4]]
?[1;31m
Start test 64?[0m
Hibernate: select user0_.id as id1_4_, user0_.email as email2_4_, user0_.password as password3_4_ from user user0_ where user0_.email=?
Hibernate: call next value for hibernate_sequence
Hibernate: insert into quiz (text, title, user_id, id) values (?, ?, ?, ?)
Hibernate: insert into quiz_answer (quiz_id, answer) values (?, ?)
Hibernate: insert into quiz_answer (quiz_id, answer) values (?, ?)
Hibernate: insert into quiz_options (quiz_id, options) values (?, ?)
Hibernate: insert into quiz_options (quiz_id, options) values (?, ?)
Hibernate: insert into quiz_options (quiz_id, options) values (?, ?)
Hibernate: insert into quiz_options (quiz_id, options) values (?, ?)
?[1;31m
Start test 65?[0m
Hibernate: select user0_.id as id1_4_, user0_.email as email2_4_, user0_.password as password3_4_ from user user0_ where user0_.email=?
Hibernate: select quiz0_.id as id1_1_0_, quiz0_.text as text2_1_0_, quiz0_.title as title3_1_0_, quiz0_.user_id as user_id4_1_0_, user1_.id as id1_4_1_, user1_.email as email2_4_1_, user1_.password as password3_4_1_ from quiz quiz0_ left outer join user user1_ on quiz0_.user_id=user1_.id where quiz0_.id=?
Hibernate: select options0_.quiz_id as quiz_id1_3_0_, options0_.options as options2_3_0_ from quiz_options options0_ where options0_.quiz_id=?
?[1;31m
Start test 66?[0m
Hibernate: select user0_.id as id1_4_, user0_.email as email2_4_, user0_.password as password3_4_ from user user0_ where user0_.email=?
Hibernate: select quiz0_.id as id1_1_0_, quiz0_.text as text2_1_0_, quiz0_.title as title3_1_0_, quiz0_.user_id as user_id4_1_0_, user1_.id as id1_4_1_, user1_.email as email2_4_1_, user1_.password as password3_4_1_ from quiz quiz0_ left outer join user user1_ on quiz0_.user_id=user1_.id where quiz0_.id=?
?[1;31m
Start test 67?[0m
Hibernate: select user0_.id as id1_4_, user0_.email as email2_4_, user0_.password as password3_4_ from user user0_ where user0_.email=?
Hibernate: select quiz0_.id as id1_1_0_, quiz0_.text as text2_1_0_, quiz0_.title as title3_1_0_, quiz0_.user_id as user_id4_1_0_, user1_.id as id1_4_1_, user1_.email as email2_4_1_, user1_.password as password3_4_1_ from quiz quiz0_ left outer join user user1_ on quiz0_.user_id=user1_.id where quiz0_.id=?
Hibernate: select answer0_.quiz_id as quiz_id1_2_0_, answer0_.answer as answer2_2_0_ from quiz_answer answer0_ where answer0_.quiz_id=?
?[1;31m
Start test 68?[0m
Hibernate: select user0_.id as id1_4_, user0_.email as email2_4_, user0_.password as password3_4_ from user user0_ where user0_.email=?
Hibernate: select quiz0_.id as id1_1_0_, quiz0_.text as text2_1_0_, quiz0_.title as title3_1_0_, quiz0_.user_id as user_id4_1_0_, user1_.id as id1_4_1_, user1_.email as email2_4_1_, user1_.password as password3_4_1_ from quiz quiz0_ left outer join user user1_ on quiz0_.user_id=user1_.id where quiz0_.id=?
Hibernate: select answer0_.quiz_id as quiz_id1_2_0_, answer0_.answer as answer2_2_0_ from quiz_answer answer0_ where answer0_.quiz_id=?
?[1;31m
Start test 69?[0m
Hibernate: select user0_.id as id1_4_, user0_.email as email2_4_, user0_.password as password3_4_ from user user0_ where user0_.email=?
Hibernate: select quiz0_.id as id1_1_0_, quiz0_.text as text2_1_0_, quiz0_.title as title3_1_0_, quiz0_.user_id as user_id4_1_0_, user1_.id as id1_4_1_, user1_.email as email2_4_1_, user1_.password as password3_4_1_ from quiz quiz0_ left outer join user user1_ on quiz0_.user_id=user1_.id where quiz0_.id=?
Hibernate: select answer0_.quiz_id as quiz_id1_2_0_, answer0_.answer as answer2_2_0_ from quiz_answer answer0_ where answer0_.quiz_id=?
?[1;31m
Start test 70?[0m
Hibernate: select user0_.id as id1_4_, user0_.email as email2_4_, user0_.password as password3_4_ from user user0_ where user0_.email=?
Hibernate: select quiz0_.id as id1_1_0_, quiz0_.text as text2_1_0_, quiz0_.title as title3_1_0_, quiz0_.user_id as user_id4_1_0_, user1_.id as id1_4_1_, user1_.email as email2_4_1_, user1_.password as password3_4_1_ from quiz quiz0_ left outer join user user1_ on quiz0_.user_id=user1_.id where quiz0_.id=?
Hibernate: select answer0_.quiz_id as quiz_id1_2_0_, answer0_.answer as answer2_2_0_ from quiz_answer answer0_ where answer0_.quiz_id=?
?[1;31m
Start test 71?[0m
Hibernate: select user0_.id as id1_4_, user0_.email as email2_4_, user0_.password as password3_4_ from user user0_ where user0_.email=?
Hibernate: select quiz0_.id as id1_1_0_, quiz0_.text as text2_1_0_, quiz0_.title as title3_1_0_, quiz0_.user_id as user_id4_1_0_, user1_.id as id1_4_1_, user1_.email as email2_4_1_, user1_.password as password3_4_1_ from quiz quiz0_ left outer join user user1_ on quiz0_.user_id=user1_.id where quiz0_.id=?
Hibernate: select answer0_.quiz_id as quiz_id1_2_0_, answer0_.answer as answer2_2_0_ from quiz_answer answer0_ where answer0_.quiz_id=?
?[1;31m
Start test 72?[0m
Hibernate: select user0_.id as id1_4_, user0_.email as email2_4_, user0_.password as password3_4_ from user user0_ where user0_.email=?
Hibernate: select quiz0_.id as id1_1_0_, quiz0_.text as text2_1_0_, quiz0_.title as title3_1_0_, quiz0_.user_id as user_id4_1_0_, user1_.id as id1_4_1_, user1_.email as email2_4_1_, user1_.password as password3_4_1_ from quiz quiz0_ left outer join user user1_ on quiz0_.user_id=user1_.id where quiz0_.id=?
Hibernate: select answer0_.quiz_id as quiz_id1_2_0_, answer0_.answer as answer2_2_0_ from quiz_answer answer0_ where answer0_.quiz_id=?
Hibernate: call next value for hibernate_sequence
Hibernate: insert into completed_quiz (completed_at, quiz_id, user_id, id) values (?, ?, ?, ?)
?[1;31m
Start test 73?[0m
Hibernate: select user0_.id as id1_4_, user0_.email as email2_4_, user0_.password as password3_4_ from user user0_ where user0_.email=?
Hibernate: select quiz0_.id as id1_1_0_, quiz0_.text as text2_1_0_, quiz0_.title as title3_1_0_, quiz0_.user_id as user_id4_1_0_, user1_.id as id1_4_1_, user1_.email as email2_4_1_, user1_.password as password3_4_1_ from quiz quiz0_ left outer join user user1_ on quiz0_.user_id=user1_.id where quiz0_.id=?
Hibernate: select answer0_.quiz_id as quiz_id1_2_0_, answer0_.answer as answer2_2_0_ from quiz_answer answer0_ where answer0_.quiz_id=?
?[1;31m
Start test 74?[0m
Hibernate: select user0_.id as id1_4_, user0_.email as email2_4_, user0_.password as password3_4_ from user user0_ where user0_.email=?
Hibernate: select quiz0_.id as id1_1_0_, quiz0_.text as text2_1_0_, quiz0_.title as title3_1_0_, quiz0_.user_id as user_id4_1_0_, user1_.id as id1_4_1_, user1_.email as email2_4_1_, user1_.password as password3_4_1_ from quiz quiz0_ left outer join user user1_ on quiz0_.user_id=user1_.id where quiz0_.id=?
Hibernate: select answer0_.quiz_id as quiz_id1_2_0_, answer0_.answer as answer2_2_0_ from quiz_answer answer0_ where answer0_.quiz_id=?
?[1;31m
Start test 75?[0m
Hibernate: select user0_.id as id1_4_, user0_.email as email2_4_, user0_.password as password3_4_ from user user0_ where user0_.email=?
Hibernate: select quiz0_.id as id1_1_0_, quiz0_.text as text2_1_0_, quiz0_.title as title3_1_0_, quiz0_.user_id as user_id4_1_0_, user1_.id as id1_4_1_, user1_.email as email2_4_1_, user1_.password as password3_4_1_ from quiz quiz0_ left outer join user user1_ on quiz0_.user_id=user1_.id where quiz0_.id=?
Hibernate: select answer0_.quiz_id as quiz_id1_2_0_, answer0_.answer as answer2_2_0_ from quiz_answer answer0_ where answer0_.quiz_id=?
?[1;31m
Start test 76?[0m
Hibernate: select user0_.id as id1_4_, user0_.email as email2_4_, user0_.password as password3_4_ from user user0_ where user0_.email=?
Hibernate: select quiz0_.id as id1_1_0_, quiz0_.text as text2_1_0_, quiz0_.title as title3_1_0_, quiz0_.user_id as user_id4_1_0_, user1_.id as id1_4_1_, user1_.email as email2_4_1_, user1_.password as password3_4_1_ from quiz quiz0_ left outer join user user1_ on quiz0_.user_id=user1_.id where quiz0_.id=?
Hibernate: select answer0_.quiz_id as quiz_id1_2_0_, answer0_.answer as answer2_2_0_ from quiz_answer answer0_ where answer0_.quiz_id=?
?[1;31m
Start test 77?[0m
Hibernate: select user0_.id as id1_4_, user0_.email as email2_4_, user0_.password as password3_4_ from user user0_ where user0_.email=?
Hibernate: select quiz0_.id as id1_1_0_, quiz0_.text as text2_1_0_, quiz0_.title as title3_1_0_, quiz0_.user_id as user_id4_1_0_, user1_.id as id1_4_1_, user1_.email as email2_4_1_, user1_.password as password3_4_1_ from quiz quiz0_ left outer join user user1_ on quiz0_.user_id=user1_.id where quiz0_.id=?
Hibernate: select answer0_.quiz_id as quiz_id1_2_0_, answer0_.answer as answer2_2_0_ from quiz_answer answer0_ where answer0_.quiz_id=?
?[1;31m
Start test 78?[0m
Hibernate: select user0_.id as id1_4_, user0_.email as email2_4_, user0_.password as password3_4_ from user user0_ where user0_.email=?
Hibernate: select quiz0_.id as id1_1_0_, quiz0_.text as text2_1_0_, quiz0_.title as title3_1_0_, quiz0_.user_id as user_id4_1_0_, user1_.id as id1_4_1_, user1_.email as email2_4_1_, user1_.password as password3_4_1_ from quiz quiz0_ left outer join user user1_ on quiz0_.user_id=user1_.id where quiz0_.id=?
Hibernate: select answer0_.quiz_id as quiz_id1_2_0_, answer0_.answer as answer2_2_0_ from quiz_answer answer0_ where answer0_.quiz_id=?
?[1;31m
Start test 79?[0m
Hibernate: select user0_.id as id1_4_, user0_.email as email2_4_, user0_.password as password3_4_ from user user0_ where user0_.email=?
Hibernate: select quiz0_.id as id1_1_0_, quiz0_.text as text2_1_0_, quiz0_.title as title3_1_0_, quiz0_.user_id as user_id4_1_0_, user1_.id as id1_4_1_, user1_.email as email2_4_1_, user1_.password as password3_4_1_ from quiz quiz0_ left outer join user user1_ on quiz0_.user_id=user1_.id where quiz0_.id=?
Hibernate: select answer0_.quiz_id as quiz_id1_2_0_, answer0_.answer as answer2_2_0_ from quiz_answer answer0_ where answer0_.quiz_id=?
?[1;31m
Start test 80?[0m
Hibernate: select user0_.id as id1_4_, user0_.email as email2_4_, user0_.password as password3_4_ from user user0_ where user0_.email=?
Hibernate: select quiz0_.id as id1_1_0_, quiz0_.text as text2_1_0_, quiz0_.title as title3_1_0_, quiz0_.user_id as user_id4_1_0_, user1_.id as id1_4_1_, user1_.email as email2_4_1_, user1_.password as password3_4_1_ from quiz quiz0_ left outer join user user1_ on quiz0_.user_id=user1_.id where quiz0_.id=?
Hibernate: select answer0_.quiz_id as quiz_id1_2_0_, answer0_.answer as answer2_2_0_ from quiz_answer answer0_ where answer0_.quiz_id=?
?[1;31m
Start test 81?[0m
Hibernate: select user0_.id as id1_4_, user0_.email as email2_4_, user0_.password as password3_4_ from user user0_ where user0_.email=?
Hibernate: select quiz0_.id as id1_1_0_, quiz0_.text as text2_1_0_, quiz0_.title as title3_1_0_, quiz0_.user_id as user_id4_1_0_, user1_.id as id1_4_1_, user1_.email as email2_4_1_, user1_.password as password3_4_1_ from quiz quiz0_ left outer join user user1_ on quiz0_.user_id=user1_.id where quiz0_.id=?
Hibernate: select answer0_.quiz_id as quiz_id1_2_0_, answer0_.answer as answer2_2_0_ from quiz_answer answer0_ where answer0_.quiz_id=?
?[1;31m
Start test 82?[0m
Hibernate: select user0_.id as id1_4_, user0_.email as email2_4_, user0_.password as password3_4_ from user user0_ where user0_.email=?
Hibernate: call next value for hibernate_sequence
Hibernate: insert into quiz (text, title, user_id, id) values (?, ?, ?, ?)
Hibernate: insert into quiz_answer (quiz_id, answer) values (?, ?)
Hibernate: insert into quiz_answer (quiz_id, answer) values (?, ?)
Hibernate: insert into quiz_options (quiz_id, options) values (?, ?)
Hibernate: insert into quiz_options (quiz_id, options) values (?, ?)
Hibernate: insert into quiz_options (quiz_id, options) values (?, ?)
Hibernate: insert into quiz_options (quiz_id, options) values (?, ?)
?[1;31m
Start test 83?[0m
Hibernate: select user0_.id as id1_4_, user0_.email as email2_4_, user0_.password as password3_4_ from user user0_ where user0_.email=?
Hibernate: select quiz0_.id as id1_1_0_, quiz0_.text as text2_1_0_, quiz0_.title as title3_1_0_, quiz0_.user_id as user_id4_1_0_, user1_.id as id1_4_1_, user1_.email as email2_4_1_, user1_.password as password3_4_1_ from quiz quiz0_ left outer join user user1_ on quiz0_.user_id=user1_.id where quiz0_.id=?
Hibernate: select options0_.quiz_id as quiz_id1_3_0_, options0_.options as options2_3_0_ from quiz_options options0_ where options0_.quiz_id=?
?[1;31m
Start test 84?[0m
Hibernate: select user0_.id as id1_4_, user0_.email as email2_4_, user0_.password as password3_4_ from user user0_ where user0_.email=?
Hibernate: select quiz0_.id as id1_1_0_, quiz0_.text as text2_1_0_, quiz0_.title as title3_1_0_, quiz0_.user_id as user_id4_1_0_, user1_.id as id1_4_1_, user1_.email as email2_4_1_, user1_.password as password3_4_1_ from quiz quiz0_ left outer join user user1_ on quiz0_.user_id=user1_.id where quiz0_.id=?
?[1;31m
Start test 85?[0m
Hibernate: select user0_.id as id1_4_, user0_.email as email2_4_, user0_.password as password3_4_ from user user0_ where user0_.email=?
Hibernate: select quiz0_.id as id1_1_0_, quiz0_.text as text2_1_0_, quiz0_.title as title3_1_0_, quiz0_.user_id as user_id4_1_0_, user1_.id as id1_4_1_, user1_.email as email2_4_1_, user1_.password as password3_4_1_ from quiz quiz0_ left outer join user user1_ on quiz0_.user_id=user1_.id where quiz0_.id=?
Hibernate: select answer0_.quiz_id as quiz_id1_2_0_, answer0_.answer as answer2_2_0_ from quiz_answer answer0_ where answer0_.quiz_id=?
?[1;31m
Start test 86?[0m
Hibernate: select user0_.id as id1_4_, user0_.email as email2_4_, user0_.password as password3_4_ from user user0_ where user0_.email=?
Hibernate: select quiz0_.id as id1_1_0_, quiz0_.text as text2_1_0_, quiz0_.title as title3_1_0_, quiz0_.user_id as user_id4_1_0_, user1_.id as id1_4_1_, user1_.email as email2_4_1_, user1_.password as password3_4_1_ from quiz quiz0_ left outer join user user1_ on quiz0_.user_id=user1_.id where quiz0_.id=?
Hibernate: select answer0_.quiz_id as quiz_id1_2_0_, answer0_.answer as answer2_2_0_ from quiz_answer answer0_ where answer0_.quiz_id=?
?[1;31m
Start test 87?[0m
Hibernate: select user0_.id as id1_4_, user0_.email as email2_4_, user0_.password as password3_4_ from user user0_ where user0_.email=?
Hibernate: select quiz0_.id as id1_1_0_, quiz0_.text as text2_1_0_, quiz0_.title as title3_1_0_, quiz0_.user_id as user_id4_1_0_, user1_.id as id1_4_1_, user1_.email as email2_4_1_, user1_.password as password3_4_1_ from quiz quiz0_ left outer join user user1_ on quiz0_.user_id=user1_.id where quiz0_.id=?
Hibernate: select answer0_.quiz_id as quiz_id1_2_0_, answer0_.answer as answer2_2_0_ from quiz_answer answer0_ where answer0_.quiz_id=?
?[1;31m
Start test 88?[0m
Hibernate: select user0_.id as id1_4_, user0_.email as email2_4_, user0_.password as password3_4_ from user user0_ where user0_.email=?
Hibernate: select quiz0_.id as id1_1_0_, quiz0_.text as text2_1_0_, quiz0_.title as title3_1_0_, quiz0_.user_id as user_id4_1_0_, user1_.id as id1_4_1_, user1_.email as email2_4_1_, user1_.password as password3_4_1_ from quiz quiz0_ left outer join user user1_ on quiz0_.user_id=user1_.id where quiz0_.id=?
Hibernate: select answer0_.quiz_id as quiz_id1_2_0_, answer0_.answer as answer2_2_0_ from quiz_answer answer0_ where answer0_.quiz_id=?
?[1;31m
Start test 89?[0m
Hibernate: select user0_.id as id1_4_, user0_.email as email2_4_, user0_.password as password3_4_ from user user0_ where user0_.email=?
Hibernate: select quiz0_.id as id1_1_0_, quiz0_.text as text2_1_0_, quiz0_.title as title3_1_0_, quiz0_.user_id as user_id4_1_0_, user1_.id as id1_4_1_, user1_.email as email2_4_1_, user1_.password as password3_4_1_ from quiz quiz0_ left outer join user user1_ on quiz0_.user_id=user1_.id where quiz0_.id=?
Hibernate: select answer0_.quiz_id as quiz_id1_2_0_, answer0_.answer as answer2_2_0_ from quiz_answer answer0_ where answer0_.quiz_id=?
?[1;31m
Start test 90?[0m
Hibernate: select user0_.id as id1_4_, user0_.email as email2_4_, user0_.password as password3_4_ from user user0_ where user0_.email=?
Hibernate: select quiz0_.id as id1_1_0_, quiz0_.text as text2_1_0_, quiz0_.title as title3_1_0_, quiz0_.user_id as user_id4_1_0_, user1_.id as id1_4_1_, user1_.email as email2_4_1_, user1_.password as password3_4_1_ from quiz quiz0_ left outer join user user1_ on quiz0_.user_id=user1_.id where quiz0_.id=?
Hibernate: select answer0_.quiz_id as quiz_id1_2_0_, answer0_.answer as answer2_2_0_ from quiz_answer answer0_ where answer0_.quiz_id=?
?[1;31m
Start test 91?[0m
Hibernate: select user0_.id as id1_4_, user0_.email as email2_4_, user0_.password as password3_4_ from user user0_ where user0_.email=?
Hibernate: select quiz0_.id as id1_1_0_, quiz0_.text as text2_1_0_, quiz0_.title as title3_1_0_, quiz0_.user_id as user_id4_1_0_, user1_.id as id1_4_1_, user1_.email as email2_4_1_, user1_.password as password3_4_1_ from quiz quiz0_ left outer join user user1_ on quiz0_.user_id=user1_.id where quiz0_.id=?
Hibernate: select answer0_.quiz_id as quiz_id1_2_0_, answer0_.answer as answer2_2_0_ from quiz_answer answer0_ where answer0_.quiz_id=?
?[1;31m
Start test 92?[0m
Hibernate: select user0_.id as id1_4_, user0_.email as email2_4_, user0_.password as password3_4_ from user user0_ where user0_.email=?
Hibernate: select quiz0_.id as id1_1_0_, quiz0_.text as text2_1_0_, quiz0_.title as title3_1_0_, quiz0_.user_id as user_id4_1_0_, user1_.id as id1_4_1_, user1_.email as email2_4_1_, user1_.password as password3_4_1_ from quiz quiz0_ left outer join user user1_ on quiz0_.user_id=user1_.id where quiz0_.id=?
Hibernate: select answer0_.quiz_id as quiz_id1_2_0_, answer0_.answer as answer2_2_0_ from quiz_answer answer0_ where answer0_.quiz_id=?
?[1;31m
Start test 93?[0m
Hibernate: select user0_.id as id1_4_, user0_.email as email2_4_, user0_.password as password3_4_ from user user0_ where user0_.email=?
Hibernate: select quiz0_.id as id1_1_0_, quiz0_.text as text2_1_0_, quiz0_.title as title3_1_0_, quiz0_.user_id as user_id4_1_0_, user1_.id as id1_4_1_, user1_.email as email2_4_1_, user1_.password as password3_4_1_ from quiz quiz0_ left outer join user user1_ on quiz0_.user_id=user1_.id where quiz0_.id=?
Hibernate: select answer0_.quiz_id as quiz_id1_2_0_, answer0_.answer as answer2_2_0_ from quiz_answer answer0_ where answer0_.quiz_id=?
?[1;31m
Start test 94?[0m
Hibernate: select user0_.id as id1_4_, user0_.email as email2_4_, user0_.password as password3_4_ from user user0_ where user0_.email=?
Hibernate: select quiz0_.id as id1_1_0_, quiz0_.text as text2_1_0_, quiz0_.title as title3_1_0_, quiz0_.user_id as user_id4_1_0_, user1_.id as id1_4_1_, user1_.email as email2_4_1_, user1_.password as password3_4_1_ from quiz quiz0_ left outer join user user1_ on quiz0_.user_id=user1_.id where quiz0_.id=?
Hibernate: select answer0_.quiz_id as quiz_id1_2_0_, answer0_.answer as answer2_2_0_ from quiz_answer answer0_ where answer0_.quiz_id=?
Hibernate: call next value for hibernate_sequence
Hibernate: insert into completed_quiz (completed_at, quiz_id, user_id, id) values (?, ?, ?, ?)
?[1;31m
Start test 95?[0m
Hibernate: select user0_.id as id1_4_, user0_.email as email2_4_, user0_.password as password3_4_ from user user0_ where user0_.email=?
Hibernate: select quiz0_.id as id1_1_0_, quiz0_.text as text2_1_0_, quiz0_.title as title3_1_0_, quiz0_.user_id as user_id4_1_0_, user1_.id as id1_4_1_, user1_.email as email2_4_1_, user1_.password as password3_4_1_ from quiz quiz0_ left outer join user user1_ on quiz0_.user_id=user1_.id where quiz0_.id=?
Hibernate: select answer0_.quiz_id as quiz_id1_2_0_, answer0_.answer as answer2_2_0_ from quiz_answer answer0_ where answer0_.quiz_id=?
?[1;31m
Start test 96?[0m
Hibernate: select user0_.id as id1_4_, user0_.email as email2_4_, user0_.password as password3_4_ from user user0_ where user0_.email=?
Hibernate: select quiz0_.id as id1_1_0_, quiz0_.text as text2_1_0_, quiz0_.title as title3_1_0_, quiz0_.user_id as user_id4_1_0_, user1_.id as id1_4_1_, user1_.email as email2_4_1_, user1_.password as password3_4_1_ from quiz quiz0_ left outer join user user1_ on quiz0_.user_id=user1_.id where quiz0_.id=?
Hibernate: select answer0_.quiz_id as quiz_id1_2_0_, answer0_.answer as answer2_2_0_ from quiz_answer answer0_ where answer0_.quiz_id=?
?[1;31m
Start test 97?[0m
Hibernate: select user0_.id as id1_4_, user0_.email as email2_4_, user0_.password as password3_4_ from user user0_ where user0_.email=?
Hibernate: select quiz0_.id as id1_1_0_, quiz0_.text as text2_1_0_, quiz0_.title as title3_1_0_, quiz0_.user_id as user_id4_1_0_, user1_.id as id1_4_1_, user1_.email as email2_4_1_, user1_.password as password3_4_1_ from quiz quiz0_ left outer join user user1_ on quiz0_.user_id=user1_.id where quiz0_.id=?
Hibernate: select answer0_.quiz_id as quiz_id1_2_0_, answer0_.answer as answer2_2_0_ from quiz_answer answer0_ where answer0_.quiz_id=?
?[1;31m
Start test 98?[0m
Hibernate: select user0_.id as id1_4_, user0_.email as email2_4_, user0_.password as password3_4_ from user user0_ where user0_.email=?
Hibernate: select quiz0_.id as id1_1_0_, quiz0_.text as text2_1_0_, quiz0_.title as title3_1_0_, quiz0_.user_id as user_id4_1_0_, user1_.id as id1_4_1_, user1_.email as email2_4_1_, user1_.password as password3_4_1_ from quiz quiz0_ left outer join user user1_ on quiz0_.user_id=user1_.id where quiz0_.id=?
Hibernate: select answer0_.quiz_id as quiz_id1_2_0_, answer0_.answer as answer2_2_0_ from quiz_answer answer0_ where answer0_.quiz_id=?
?[1;31m
Start test 99?[0m
Hibernate: select user0_.id as id1_4_, user0_.email as email2_4_, user0_.password as password3_4_ from user user0_ where user0_.email=?
Hibernate: select quiz0_.id as id1_1_0_, quiz0_.text as text2_1_0_, quiz0_.title as title3_1_0_, quiz0_.user_id as user_id4_1_0_, user1_.id as id1_4_1_, user1_.email as email2_4_1_, user1_.password as password3_4_1_ from quiz quiz0_ left outer join user user1_ on quiz0_.user_id=user1_.id where quiz0_.id=?
Hibernate: select answer0_.quiz_id as quiz_id1_2_0_, answer0_.answer as answer2_2_0_ from quiz_answer answer0_ where answer0_.quiz_id=?
?[1;31m
Start test 100?[0m
Hibernate: select user0_.id as id1_4_, user0_.email as email2_4_, user0_.password as password3_4_ from user user0_ where user0_.email=?
Hibernate: call next value for hibernate_sequence
Hibernate: insert into quiz (text, title, user_id, id) values (?, ?, ?, ?)
Hibernate: insert into quiz_options (quiz_id, options) values (?, ?)
Hibernate: insert into quiz_options (quiz_id, options) values (?, ?)
Hibernate: insert into quiz_options (quiz_id, options) values (?, ?)
Hibernate: insert into quiz_options (quiz_id, options) values (?, ?)
?[1;31m
Start test 101?[0m
Hibernate: select user0_.id as id1_4_, user0_.email as email2_4_, user0_.password as password3_4_ from user user0_ where user0_.email=?
Hibernate: select quiz0_.id as id1_1_0_, quiz0_.text as text2_1_0_, quiz0_.title as title3_1_0_, quiz0_.user_id as user_id4_1_0_, user1_.id as id1_4_1_, user1_.email as email2_4_1_, user1_.password as password3_4_1_ from quiz quiz0_ left outer join user user1_ on quiz0_.user_id=user1_.id where quiz0_.id=?
Hibernate: select options0_.quiz_id as quiz_id1_3_0_, options0_.options as options2_3_0_ from quiz_options options0_ where options0_.quiz_id=?
?[1;31m
Start test 102?[0m
Hibernate: select user0_.id as id1_4_, user0_.email as email2_4_, user0_.password as password3_4_ from user user0_ where user0_.email=?
Hibernate: select quiz0_.id as id1_1_0_, quiz0_.text as text2_1_0_, quiz0_.title as title3_1_0_, quiz0_.user_id as user_id4_1_0_, user1_.id as id1_4_1_, user1_.email as email2_4_1_, user1_.password as password3_4_1_ from quiz quiz0_ left outer join user user1_ on quiz0_.user_id=user1_.id where quiz0_.id=?
?[1;31m
Start test 103?[0m
Hibernate: select user0_.id as id1_4_, user0_.email as email2_4_, user0_.password as password3_4_ from user user0_ where user0_.email=?
Hibernate: select quiz0_.id as id1_1_0_, quiz0_.text as text2_1_0_, quiz0_.title as title3_1_0_, quiz0_.user_id as user_id4_1_0_, user1_.id as id1_4_1_, user1_.email as email2_4_1_, user1_.password as password3_4_1_ from quiz quiz0_ left outer join user user1_ on quiz0_.user_id=user1_.id where quiz0_.id=?
Hibernate: select answer0_.quiz_id as quiz_id1_2_0_, answer0_.answer as answer2_2_0_ from quiz_answer answer0_ where answer0_.quiz_id=?
Hibernate: call next value for hibernate_sequence
Hibernate: insert into completed_quiz (completed_at, quiz_id, user_id, id) values (?, ?, ?, ?)
?[1;31m
Start test 104?[0m
Hibernate: select user0_.id as id1_4_, user0_.email as email2_4_, user0_.password as password3_4_ from user user0_ where user0_.email=?
Hibernate: select quiz0_.id as id1_1_0_, quiz0_.text as text2_1_0_, quiz0_.title as title3_1_0_, quiz0_.user_id as user_id4_1_0_, user1_.id as id1_4_1_, user1_.email as email2_4_1_, user1_.password as password3_4_1_ from quiz quiz0_ left outer join user user1_ on quiz0_.user_id=user1_.id where quiz0_.id=?
Hibernate: select answer0_.quiz_id as quiz_id1_2_0_, answer0_.answer as answer2_2_0_ from quiz_answer answer0_ where answer0_.quiz_id=?
?[1;31m
Start test 105?[0m
Hibernate: select user0_.id as id1_4_, user0_.email as email2_4_, user0_.password as password3_4_ from user user0_ where user0_.email=?
Hibernate: select quiz0_.id as id1_1_0_, quiz0_.text as text2_1_0_, quiz0_.title as title3_1_0_, quiz0_.user_id as user_id4_1_0_, user1_.id as id1_4_1_, user1_.email as email2_4_1_, user1_.password as password3_4_1_ from quiz quiz0_ left outer join user user1_ on quiz0_.user_id=user1_.id where quiz0_.id=?
Hibernate: select answer0_.quiz_id as quiz_id1_2_0_, answer0_.answer as answer2_2_0_ from quiz_answer answer0_ where answer0_.quiz_id=?
?[1;31m
Start test 106?[0m
Hibernate: select user0_.id as id1_4_, user0_.email as email2_4_, user0_.password as password3_4_ from user user0_ where user0_.email=?
Hibernate: select quiz0_.id as id1_1_0_, quiz0_.text as text2_1_0_, quiz0_.title as title3_1_0_, quiz0_.user_id as user_id4_1_0_, user1_.id as id1_4_1_, user1_.email as email2_4_1_, user1_.password as password3_4_1_ from quiz quiz0_ left outer join user user1_ on quiz0_.user_id=user1_.id where quiz0_.id=?
Hibernate: select answer0_.quiz_id as quiz_id1_2_0_, answer0_.answer as answer2_2_0_ from quiz_answer answer0_ where answer0_.quiz_id=?
?[1;31m
Start test 107?[0m
Hibernate: select user0_.id as id1_4_, user0_.email as email2_4_, user0_.password as password3_4_ from user user0_ where user0_.email=?
Hibernate: select quiz0_.id as id1_1_0_, quiz0_.text as text2_1_0_, quiz0_.title as title3_1_0_, quiz0_.user_id as user_id4_1_0_, user1_.id as id1_4_1_, user1_.email as email2_4_1_, user1_.password as password3_4_1_ from quiz quiz0_ left outer join user user1_ on quiz0_.user_id=user1_.id where quiz0_.id=?
Hibernate: select answer0_.quiz_id as quiz_id1_2_0_, answer0_.answer as answer2_2_0_ from quiz_answer answer0_ where answer0_.quiz_id=?
?[1;31m
Start test 108?[0m
Hibernate: select user0_.id as id1_4_, user0_.email as email2_4_, user0_.password as password3_4_ from user user0_ where user0_.email=?
Hibernate: select quiz0_.id as id1_1_0_, quiz0_.text as text2_1_0_, quiz0_.title as title3_1_0_, quiz0_.user_id as user_id4_1_0_, user1_.id as id1_4_1_, user1_.email as email2_4_1_, user1_.password as password3_4_1_ from quiz quiz0_ left outer join user user1_ on quiz0_.user_id=user1_.id where quiz0_.id=?
Hibernate: select answer0_.quiz_id as quiz_id1_2_0_, answer0_.answer as answer2_2_0_ from quiz_answer answer0_ where answer0_.quiz_id=?
?[1;31m
Start test 109?[0m
Hibernate: select user0_.id as id1_4_, user0_.email as email2_4_, user0_.password as password3_4_ from user user0_ where user0_.email=?
Hibernate: select quiz0_.id as id1_1_0_, quiz0_.text as text2_1_0_, quiz0_.title as title3_1_0_, quiz0_.user_id as user_id4_1_0_, user1_.id as id1_4_1_, user1_.email as email2_4_1_, user1_.password as password3_4_1_ from quiz quiz0_ left outer join user user1_ on quiz0_.user_id=user1_.id where quiz0_.id=?
Hibernate: select answer0_.quiz_id as quiz_id1_2_0_, answer0_.answer as answer2_2_0_ from quiz_answer answer0_ where answer0_.quiz_id=?
?[1;31m
Start test 110?[0m
Hibernate: select user0_.id as id1_4_, user0_.email as email2_4_, user0_.password as password3_4_ from user user0_ where user0_.email=?
Hibernate: select quiz0_.id as id1_1_0_, quiz0_.text as text2_1_0_, quiz0_.title as title3_1_0_, quiz0_.user_id as user_id4_1_0_, user1_.id as id1_4_1_, user1_.email as email2_4_1_, user1_.password as password3_4_1_ from quiz quiz0_ left outer join user user1_ on quiz0_.user_id=user1_.id where quiz0_.id=?
Hibernate: select answer0_.quiz_id as quiz_id1_2_0_, answer0_.answer as answer2_2_0_ from quiz_answer answer0_ where answer0_.quiz_id=?
?[1;31m
Start test 111?[0m
Hibernate: select user0_.id as id1_4_, user0_.email as email2_4_, user0_.password as password3_4_ from user user0_ where user0_.email=?
Hibernate: select quiz0_.id as id1_1_0_, quiz0_.text as text2_1_0_, quiz0_.title as title3_1_0_, quiz0_.user_id as user_id4_1_0_, user1_.id as id1_4_1_, user1_.email as email2_4_1_, user1_.password as password3_4_1_ from quiz quiz0_ left outer join user user1_ on quiz0_.user_id=user1_.id where quiz0_.id=?
Hibernate: select answer0_.quiz_id as quiz_id1_2_0_, answer0_.answer as answer2_2_0_ from quiz_answer answer0_ where answer0_.quiz_id=?
?[1;31m
Start test 112?[0m
Hibernate: select user0_.id as id1_4_, user0_.email as email2_4_, user0_.password as password3_4_ from user user0_ where user0_.email=?
Hibernate: select quiz0_.id as id1_1_0_, quiz0_.text as text2_1_0_, quiz0_.title as title3_1_0_, quiz0_.user_id as user_id4_1_0_, user1_.id as id1_4_1_, user1_.email as email2_4_1_, user1_.password as password3_4_1_ from quiz quiz0_ left outer join user user1_ on quiz0_.user_id=user1_.id where quiz0_.id=?
Hibernate: select answer0_.quiz_id as quiz_id1_2_0_, answer0_.answer as answer2_2_0_ from quiz_answer answer0_ where answer0_.quiz_id=?
?[1;31m
Start test 113?[0m
Hibernate: select user0_.id as id1_4_, user0_.email as email2_4_, user0_.password as password3_4_ from user user0_ where user0_.email=?
Hibernate: select quiz0_.id as id1_1_0_, quiz0_.text as text2_1_0_, quiz0_.title as title3_1_0_, quiz0_.user_id as user_id4_1_0_, user1_.id as id1_4_1_, user1_.email as email2_4_1_, user1_.password as password3_4_1_ from quiz quiz0_ left outer join user user1_ on quiz0_.user_id=user1_.id where quiz0_.id=?
Hibernate: select answer0_.quiz_id as quiz_id1_2_0_, answer0_.answer as answer2_2_0_ from quiz_answer answer0_ where answer0_.quiz_id=?
?[1;31m
Start test 114?[0m
Hibernate: select user0_.id as id1_4_, user0_.email as email2_4_, user0_.password as password3_4_ from user user0_ where user0_.email=?
Hibernate: select quiz0_.id as id1_1_0_, quiz0_.text as text2_1_0_, quiz0_.title as title3_1_0_, quiz0_.user_id as user_id4_1_0_, user1_.id as id1_4_1_, user1_.email as email2_4_1_, user1_.password as password3_4_1_ from quiz quiz0_ left outer join user user1_ on quiz0_.user_id=user1_.id where quiz0_.id=?
Hibernate: select answer0_.quiz_id as quiz_id1_2_0_, answer0_.answer as answer2_2_0_ from quiz_answer answer0_ where answer0_.quiz_id=?
?[1;31m
Start test 115?[0m
Hibernate: select user0_.id as id1_4_, user0_.email as email2_4_, user0_.password as password3_4_ from user user0_ where user0_.email=?
Hibernate: select quiz0_.id as id1_1_0_, quiz0_.text as text2_1_0_, quiz0_.title as title3_1_0_, quiz0_.user_id as user_id4_1_0_, user1_.id as id1_4_1_, user1_.email as email2_4_1_, user1_.password as password3_4_1_ from quiz quiz0_ left outer join user user1_ on quiz0_.user_id=user1_.id where quiz0_.id=?
Hibernate: select answer0_.quiz_id as quiz_id1_2_0_, answer0_.answer as answer2_2_0_ from quiz_answer answer0_ where answer0_.quiz_id=?
?[1;31m
Start test 116?[0m
Hibernate: select user0_.id as id1_4_, user0_.email as email2_4_, user0_.password as password3_4_ from user user0_ where user0_.email=?
Hibernate: select quiz0_.id as id1_1_0_, quiz0_.text as text2_1_0_, quiz0_.title as title3_1_0_, quiz0_.user_id as user_id4_1_0_, user1_.id as id1_4_1_, user1_.email as email2_4_1_, user1_.password as password3_4_1_ from quiz quiz0_ left outer join user user1_ on quiz0_.user_id=user1_.id where quiz0_.id=?
Hibernate: select answer0_.quiz_id as quiz_id1_2_0_, answer0_.answer as answer2_2_0_ from quiz_answer answer0_ where answer0_.quiz_id=?
?[1;31m
Start test 117?[0m
Hibernate: select user0_.id as id1_4_, user0_.email as email2_4_, user0_.password as password3_4_ from user user0_ where user0_.email=?
Hibernate: select quiz0_.id as id1_1_0_, quiz0_.text as text2_1_0_, quiz0_.title as title3_1_0_, quiz0_.user_id as user_id4_1_0_, user1_.id as id1_4_1_, user1_.email as email2_4_1_, user1_.password as password3_4_1_ from quiz quiz0_ left outer join user user1_ on quiz0_.user_id=user1_.id where quiz0_.id=?
Hibernate: select answer0_.quiz_id as quiz_id1_2_0_, answer0_.answer as answer2_2_0_ from quiz_answer answer0_ where answer0_.quiz_id=?
?[1;31m
[...]
2020-06-24 21:48:40.051  INFO 11120 --- [    Test worker] o.s.s.concurrent.ThreadPoolTaskExecutor  : Initializing ExecutorService 'applicationTaskExecutor'
2020-06-24 21:48:40.127  INFO 11120 --- [    Test worker] o.s.b.a.e.web.EndpointLinksResolver      : Exposing 14 endpoint(s) beneath base path '/actuator'
2020-06-24 21:48:40.144  INFO 11120 --- [    Test worker] o.s.b.w.embedded.tomcat.TomcatWebServer  : Tomcat started on port(s): 8889 (http) with context path ''
2020-06-24 21:48:40.145  INFO 11120 --- [    Test worker] engine.WebQuizEngine                     : Started WebQuizEngine in 0.771 seconds (JVM running for 31.657)
?[1;31m
Start test 216?[0m
2020-06-24 21:48:40.150  INFO 11120 --- [nio-8889-exec-1] o.a.c.c.C.[Tomcat].[localhost].[/]       : Initializing Spring DispatcherServlet 'dispatcherServlet'
2020-06-24 21:48:40.150  INFO 11120 --- [nio-8889-exec-1] o.s.web.servlet.DispatcherServlet        : Initializing Servlet 'dispatcherServlet'
2020-06-24 21:48:40.153  INFO 11120 --- [nio-8889-exec-1] o.s.web.servlet.DispatcherServlet        : Completed initialization in 2 ms
Hibernate: select user0_.id as id1_4_, user0_.email as email2_4_, user0_.password as password3_4_ from user user0_ where user0_.email=?
Hibernate: select quiz0_.id as id1_1_, quiz0_.text as text2_1_, quiz0_.title as title3_1_, quiz0_.user_id as user_id4_1_ from quiz quiz0_
Hibernate: select user0_.id as id1_4_0_, user0_.email as email2_4_0_, user0_.password as password3_4_0_ from user user0_ where user0_.id=?
Hibernate: select quiz0_.id as id1_1_, quiz0_.text as text2_1_, quiz0_.title as title3_1_, quiz0_.user_id as user_id4_1_ from quiz quiz0_ order by quiz0_.id asc limit ?
Hibernate: select options0_.quiz_id as quiz_id1_3_0_, options0_.options as options2_3_0_ from quiz_options options0_ where options0_.quiz_id=?
Hibernate: select options0_.quiz_id as quiz_id1_3_0_, options0_.options as options2_3_0_ from quiz_options options0_ where options0_.quiz_id=?
Hibernate: select options0_.quiz_id as quiz_id1_3_0_, options0_.options as options2_3_0_ from quiz_options options0_ where options0_.quiz_id=?
Hibernate: select options0_.quiz_id as quiz_id1_3_0_, options0_.options as options2_3_0_ from quiz_options options0_ where options0_.quiz_id=?
Hibernate: select options0_.quiz_id as quiz_id1_3_0_, options0_.options as options2_3_0_ from quiz_options options0_ where options0_.quiz_id=?
?[1;31m
Start test 217?[0m
Hibernate: select user0_.id as id1_4_, user0_.email as email2_4_, user0_.password as password3_4_ from user user0_ where user0_.email=?
Hibernate: select quiz0_.id as id1_1_0_, quiz0_.text as text2_1_0_, quiz0_.title as title3_1_0_, quiz0_.user_id as user_id4_1_0_, user1_.id as id1_4_1_, user1_.email as email2_4_1_, user1_.password as password3_4_1_ from quiz quiz0_ left outer join user user1_ on quiz0_.user_id=user1_.id where quiz0_.id=?
?[1;31m
Start test 218?[0m
Hibernate: select user0_.id as id1_4_, user0_.email as email2_4_, user0_.password as password3_4_ from user user0_ where user0_.email=?
Hibernate: select quiz0_.id as id1_1_0_, quiz0_.text as text2_1_0_, quiz0_.title as title3_1_0_, quiz0_.user_id as user_id4_1_0_, user1_.id as id1_4_1_, user1_.email as email2_4_1_, user1_.password as password3_4_1_ from quiz quiz0_ left outer join user user1_ on quiz0_.user_id=user1_.id where quiz0_.id=?
?[1;31m
Start test 219?[0m
Hibernate: select user0_.id as id1_4_, user0_.email as email2_4_, user0_.password as password3_4_ from user user0_ where user0_.email=?
Hibernate: select quiz0_.id as id1_1_0_, quiz0_.text as text2_1_0_, quiz0_.title as title3_1_0_, quiz0_.user_id as user_id4_1_0_, user1_.id as id1_4_1_, user1_.email as email2_4_1_, user1_.password as password3_4_1_ from quiz quiz0_ left outer join user user1_ on quiz0_.user_id=user1_.id where quiz0_.id=?
?[1;31m
Start test 220?[0m
Hibernate: select user0_.id as id1_4_, user0_.email as email2_4_, user0_.password as password3_4_ from user user0_ where user0_.email=?
Hibernate: select quiz0_.id as id1_1_0_, quiz0_.text as text2_1_0_, quiz0_.title as title3_1_0_, quiz0_.user_id as user_id4_1_0_, user1_.id as id1_4_1_, user1_.email as email2_4_1_, user1_.password as password3_4_1_ from quiz quiz0_ left outer join user user1_ on quiz0_.user_id=user1_.id where quiz0_.id=?
?[1;31m
Start test 221?[0m
Hibernate: select user0_.id as id1_4_, user0_.email as email2_4_, user0_.password as password3_4_ from user user0_ where user0_.email=?
Hibernate: call next value for hibernate_sequence
Hibernate: insert into quiz (text, title, user_id, id) values (?, ?, ?, ?)
Hibernate: insert into quiz_answer (quiz_id, answer) values (?, ?)
Hibernate: insert into quiz_answer (quiz_id, answer) values (?, ?)
Hibernate: insert into quiz_answer (quiz_id, answer) values (?, ?)
Hibernate: insert into quiz_options (quiz_id, options) values (?, ?)
Hibernate: insert into quiz_options (quiz_id, options) values (?, ?)
Hibernate: insert into quiz_options (quiz_id, options) values (?, ?)
Hibernate: insert into quiz_options (quiz_id, options) values (?, ?)
?[1;31m
Start test 222?[0m
Hibernate: select user0_.id as id1_4_, user0_.email as email2_4_, user0_.password as password3_4_ from user user0_ where user0_.email=?
Hibernate: call next value for hibernate_sequence
Hibernate: insert into quiz (text, title, user_id, id) values (?, ?, ?, ?)
Hibernate: insert into quiz_answer (quiz_id, answer) values (?, ?)
Hibernate: insert into quiz_answer (quiz_id, answer) values (?, ?)
Hibernate: insert into quiz_answer (quiz_id, answer) values (?, ?)
Hibernate: insert into quiz_options (quiz_id, options) values (?, ?)
Hibernate: insert into quiz_options (quiz_id, options) values (?, ?)
Hibernate: insert into quiz_options (quiz_id, options) values (?, ?)
Hibernate: insert into quiz_options (quiz_id, options) values (?, ?)
?[1;31m
Start test 223?[0m
Hibernate: select user0_.id as id1_4_, user0_.email as email2_4_, user0_.password as password3_4_ from user user0_ where user0_.email=?
Hibernate: call next value for hibernate_sequence
Hibernate: insert into quiz (text, title, user_id, id) values (?, ?, ?, ?)
Hibernate: insert into quiz_answer (quiz_id, answer) values (?, ?)
Hibernate: insert into quiz_answer (quiz_id, answer) values (?, ?)
Hibernate: insert into quiz_answer (quiz_id, answer) values (?, ?)
Hibernate: insert into quiz_options (quiz_id, options) values (?, ?)
Hibernate: insert into quiz_options (quiz_id, options) values (?, ?)
Hibernate: insert into quiz_options (quiz_id, options) values (?, ?)
Hibernate: insert into quiz_options (quiz_id, options) values (?, ?)
?[1;31m
Start test 224?[0m
Hibernate: select user0_.id as id1_4_, user0_.email as email2_4_, user0_.password as password3_4_ from user user0_ where user0_.email=?
Hibernate: call next value for hibernate_sequence
Hibernate: insert into quiz (text, title, user_id, id) values (?, ?, ?, ?)
Hibernate: insert into quiz_answer (quiz_id, answer) values (?, ?)
Hibernate: insert into quiz_answer (quiz_id, answer) values (?, ?)
Hibernate: insert into quiz_answer (quiz_id, answer) values (?, ?)
Hibernate: insert into quiz_options (quiz_id, options) values (?, ?)
Hibernate: insert into quiz_options (quiz_id, options) values (?, ?)
Hibernate: insert into quiz_options (quiz_id, options) values (?, ?)
Hibernate: insert into quiz_options (quiz_id, options) values (?, ?)
?[1;31m
Start test 225?[0m
Hibernate: select user0_.id as id1_4_, user0_.email as email2_4_, user0_.password as password3_4_ from user user0_ where user0_.email=?
Hibernate: call next value for hibernate_sequence
Hibernate: insert into quiz (text, title, user_id, id) values (?, ?, ?, ?)
Hibernate: insert into quiz_answer (quiz_id, answer) values (?, ?)
Hibernate: insert into quiz_answer (quiz_id, answer) values (?, ?)
Hibernate: insert into quiz_answer (quiz_id, answer) values (?, ?)
Hibernate: insert into quiz_options (quiz_id, options) values (?, ?)
Hibernate: insert into quiz_options (quiz_id, options) values (?, ?)
Hibernate: insert into quiz_options (quiz_id, options) values (?, ?)
Hibernate: insert into quiz_options (quiz_id, options) values (?, ?)
?[1;31m
Start test 226?[0m
Hibernate: select user0_.id as id1_4_, user0_.email as email2_4_, user0_.password as password3_4_ from user user0_ where user0_.email=?
Hibernate: call next value for hibernate_sequence
Hibernate: insert into quiz (text, title, user_id, id) values (?, ?, ?, ?)
Hibernate: insert into quiz_answer (quiz_id, answer) values (?, ?)
Hibernate: insert into quiz_answer (quiz_id, answer) values (?, ?)
Hibernate: insert into quiz_answer (quiz_id, answer) values (?, ?)
Hibernate: insert into quiz_options (quiz_id, options) values (?, ?)
Hibernate: insert into quiz_options (quiz_id, options) values (?, ?)
Hibernate: insert into quiz_options (quiz_id, options) values (?, ?)
Hibernate: insert into quiz_options (quiz_id, options) values (?, ?)
?[1;31m
Start test 227?[0m
Hibernate: select user0_.id as id1_4_, user0_.email as email2_4_, user0_.password as password3_4_ from user user0_ where user0_.email=?
Hibernate: call next value for hibernate_sequence
Hibernate: insert into quiz (text, title, user_id, id) values (?, ?, ?, ?)
Hibernate: insert into quiz_answer (quiz_id, answer) values (?, ?)
Hibernate: insert into quiz_answer (quiz_id, answer) values (?, ?)
Hibernate: insert into quiz_answer (quiz_id, answer) values (?, ?)
Hibernate: insert into quiz_options (quiz_id, options) values (?, ?)
Hibernate: insert into quiz_options (quiz_id, options) values (?, ?)
Hibernate: insert into quiz_options (quiz_id, options) values (?, ?)
Hibernate: insert into quiz_options (quiz_id, options) values (?, ?)
?[1;31m
Start test 228?[0m
Hibernate: select user0_.id as id1_4_, user0_.email as email2_4_, user0_.password as password3_4_ from user user0_ where user0_.email=?
Hibernate: call next value for hibernate_sequence
Hibernate: insert into quiz (text, title, user_id, id) values (?, ?, ?, ?)
Hibernate: insert into quiz_answer (quiz_id, answer) values (?, ?)
Hibernate: insert into quiz_answer (quiz_id, answer) values (?, ?)
Hibernate: insert into quiz_answer (quiz_id, answer) values (?, ?)
Hibernate: insert into quiz_options (quiz_id, options) values (?, ?)
Hibernate: insert into quiz_options (quiz_id, options) values (?, ?)
Hibernate: insert into quiz_options (quiz_id, options) values (?, ?)
Hibernate: insert into quiz_options (quiz_id, options) values (?, ?)
?[1;31m
Start test 229?[0m
Hibernate: select user0_.id as id1_4_, user0_.email as email2_4_, user0_.password as password3_4_ from user user0_ where user0_.email=?
Hibernate: call next value for hibernate_sequence
Hibernate: insert into quiz (text, title, user_id, id) values (?, ?, ?, ?)
Hibernate: insert into quiz_answer (quiz_id, answer) values (?, ?)
Hibernate: insert into quiz_answer (quiz_id, answer) values (?, ?)
Hibernate: insert into quiz_answer (quiz_id, answer) values (?, ?)
Hibernate: insert into quiz_options (quiz_id, options) values (?, ?)
Hibernate: insert into quiz_options (quiz_id, options) values (?, ?)
Hibernate: insert into quiz_options (quiz_id, options) values (?, ?)
Hibernate: insert into quiz_options (quiz_id, options) values (?, ?)
?[1;31m
Start test 230?[0m
Hibernate: select user0_.id as id1_4_, user0_.email as email2_4_, user0_.password as password3_4_ from user user0_ where user0_.email=?
Hibernate: call next value for hibernate_sequence
Hibernate: insert into quiz (text, title, user_id, id) values (?, ?, ?, ?)
Hibernate: insert into quiz_answer (quiz_id, answer) values (?, ?)
Hibernate: insert into quiz_answer (quiz_id, answer) values (?, ?)
Hibernate: insert into quiz_answer (quiz_id, answer) values (?, ?)
Hibernate: insert into quiz_options (quiz_id, options) values (?, ?)
Hibernate: insert into quiz_options (quiz_id, options) values (?, ?)
Hibernate: insert into quiz_options (quiz_id, options) values (?, ?)
Hibernate: insert into quiz_options (quiz_id, options) values (?, ?)
?[1;31m
Start test 231?[0m
Hibernate: select user0_.id as id1_4_, user0_.email as email2_4_, user0_.password as password3_4_ from user user0_ where user0_.email=?
Hibernate: select quiz0_.id as id1_1_, quiz0_.text as text2_1_, quiz0_.title as title3_1_, quiz0_.user_id as user_id4_1_ from quiz quiz0_
Hibernate: select user0_.id as id1_4_0_, user0_.email as email2_4_0_, user0_.password as password3_4_0_ from user user0_ where user0_.id=?
Hibernate: select user0_.id as id1_4_0_, user0_.email as email2_4_0_, user0_.password as password3_4_0_ from user user0_ where user0_.id=?
Hibernate: select quiz0_.id as id1_1_, quiz0_.text as text2_1_, quiz0_.title as title3_1_, quiz0_.user_id as user_id4_1_ from quiz quiz0_ order by quiz0_.id asc limit ?
Hibernate: select count(quiz0_.id) as col_0_0_ from quiz quiz0_
Hibernate: select options0_.quiz_id as quiz_id1_3_0_, options0_.options as options2_3_0_ from quiz_options options0_ where options0_.quiz_id=?
Hibernate: select options0_.quiz_id as quiz_id1_3_0_, options0_.options as options2_3_0_ from quiz_options options0_ where options0_.quiz_id=?
Hibernate: select options0_.quiz_id as quiz_id1_3_0_, options0_.options as options2_3_0_ from quiz_options options0_ where options0_.quiz_id=?
Hibernate: select options0_.quiz_id as quiz_id1_3_0_, options0_.options as options2_3_0_ from quiz_options options0_ where options0_.quiz_id=?
Hibernate: select options0_.quiz_id as quiz_id1_3_0_, options0_.options as options2_3_0_ from quiz_options options0_ where options0_.quiz_id=?
Hibernate: select options0_.quiz_id as quiz_id1_3_0_, options0_.options as options2_3_0_ from quiz_options options0_ where options0_.quiz_id=?
Hibernate: select options0_.quiz_id as quiz_id1_3_0_, options0_.options as options2_3_0_ from quiz_options options0_ where options0_.quiz_id=?
Hibernate: select options0_.quiz_id as quiz_id1_3_0_, options0_.options as options2_3_0_ from quiz_options options0_ where options0_.quiz_id=?
Hibernate: select options0_.quiz_id as quiz_id1_3_0_, options0_.options as options2_3_0_ from quiz_options options0_ where options0_.quiz_id=?
Hibernate: select options0_.quiz_id as quiz_id1_3_0_, options0_.options as options2_3_0_ from quiz_options options0_ where options0_.quiz_id=?
?[1;31m
Start test 232?[0m
Hibernate: select user0_.id as id1_4_, user0_.email as email2_4_, user0_.password as password3_4_ from user user0_ where user0_.email=?
Hibernate: select quiz0_.id as id1_1_, quiz0_.text as text2_1_, quiz0_.title as title3_1_, quiz0_.user_id as user_id4_1_ from quiz quiz0_
Hibernate: select user0_.id as id1_4_0_, user0_.email as email2_4_0_, user0_.password as password3_4_0_ from user user0_ where user0_.id=?
Hibernate: select user0_.id as id1_4_0_, user0_.email as email2_4_0_, user0_.password as password3_4_0_ from user user0_ where user0_.id=?
Hibernate: select quiz0_.id as id1_1_, quiz0_.text as text2_1_, quiz0_.title as title3_1_, quiz0_.user_id as user_id4_1_ from quiz quiz0_ order by quiz0_.id asc limit ?
Hibernate: select count(quiz0_.id) as col_0_0_ from quiz quiz0_
Hibernate: select options0_.quiz_id as quiz_id1_3_0_, options0_.options as options2_3_0_ from quiz_options options0_ where options0_.quiz_id=?
Hibernate: select options0_.quiz_id as quiz_id1_3_0_, options0_.options as options2_3_0_ from quiz_options options0_ where options0_.quiz_id=?
Hibernate: select options0_.quiz_id as quiz_id1_3_0_, options0_.options as options2_3_0_ from quiz_options options0_ where options0_.quiz_id=?
Hibernate: select options0_.quiz_id as quiz_id1_3_0_, options0_.options as options2_3_0_ from quiz_options options0_ where options0_.quiz_id=?
Hibernate: select options0_.quiz_id as quiz_id1_3_0_, options0_.options as options2_3_0_ from quiz_options options0_ where options0_.quiz_id=?
Hibernate: select options0_.quiz_id as quiz_id1_3_0_, options0_.options as options2_3_0_ from quiz_options options0_ where options0_.quiz_id=?
Hibernate: select options0_.quiz_id as quiz_id1_3_0_, options0_.options as options2_3_0_ from quiz_options options0_ where options0_.quiz_id=?
Hibernate: select options0_.quiz_id as quiz_id1_3_0_, options0_.options as options2_3_0_ from quiz_options options0_ where options0_.quiz_id=?
Hibernate: select options0_.quiz_id as quiz_id1_3_0_, options0_.options as options2_3_0_ from quiz_options options0_ where options0_.quiz_id=?
Hibernate: select options0_.quiz_id as quiz_id1_3_0_, options0_.options as options2_3_0_ from quiz_options options0_ where options0_.quiz_id=?
?[1;31m
Start test 233?[0m
Hibernate: select user0_.id as id1_4_, user0_.email as email2_4_, user0_.password as password3_4_ from user user0_ where user0_.email=?
Hibernate: select quiz0_.id as id1_1_, quiz0_.text as text2_1_, quiz0_.title as title3_1_, quiz0_.user_id as user_id4_1_ from quiz quiz0_
Hibernate: select user0_.id as id1_4_0_, user0_.email as email2_4_0_, user0_.password as password3_4_0_ from user user0_ where user0_.id=?
Hibernate: select user0_.id as id1_4_0_, user0_.email as email2_4_0_, user0_.password as password3_4_0_ from user user0_ where user0_.id=?
Hibernate: select quiz0_.id as id1_1_, quiz0_.text as text2_1_, quiz0_.title as title3_1_, quiz0_.user_id as user_id4_1_ from quiz quiz0_ order by quiz0_.id asc limit ? offset ?
Hibernate: select options0_.quiz_id as quiz_id1_3_0_, options0_.options as options2_3_0_ from quiz_options options0_ where options0_.quiz_id=?
Hibernate: select options0_.quiz_id as quiz_id1_3_0_, options0_.options as options2_3_0_ from quiz_options options0_ where options0_.quiz_id=?
Hibernate: select options0_.quiz_id as quiz_id1_3_0_, options0_.options as options2_3_0_ from quiz_options options0_ where options0_.quiz_id=?
Hibernate: select options0_.quiz_id as quiz_id1_3_0_, options0_.options as options2_3_0_ from quiz_options options0_ where options0_.quiz_id=?
Hibernate: select options0_.quiz_id as quiz_id1_3_0_, options0_.options as options2_3_0_ from quiz_options options0_ where options0_.quiz_id=?
?[1;31m
Start test 234?[0m
Hibernate: select user0_.id as id1_4_, user0_.email as email2_4_, user0_.password as password3_4_ from user user0_ where user0_.email=?
Hibernate: select quiz0_.id as id1_1_, quiz0_.text as text2_1_, quiz0_.title as title3_1_, quiz0_.user_id as user_id4_1_ from quiz quiz0_
Hibernate: select user0_.id as id1_4_0_, user0_.email as email2_4_0_, user0_.password as password3_4_0_ from user user0_ where user0_.id=?
Hibernate: select user0_.id as id1_4_0_, user0_.email as email2_4_0_, user0_.password as password3_4_0_ from user user0_ where user0_.id=?
Hibernate: select quiz0_.id as id1_1_, quiz0_.text as text2_1_, quiz0_.title as title3_1_, quiz0_.user_id as user_id4_1_ from quiz quiz0_ order by quiz0_.id asc limit ? offset ?
Hibernate: select options0_.quiz_id as quiz_id1_3_0_, options0_.options as options2_3_0_ from quiz_options options0_ where options0_.quiz_id=?
Hibernate: select options0_.quiz_id as quiz_id1_3_0_, options0_.options as options2_3_0_ from quiz_options options0_ where options0_.quiz_id=?
Hibernate: select options0_.quiz_id as quiz_id1_3_0_, options0_.options as options2_3_0_ from quiz_options options0_ where options0_.quiz_id=?
Hibernate: select options0_.quiz_id as quiz_id1_3_0_, options0_.options as options2_3_0_ from quiz_options options0_ where options0_.quiz_id=?
Hibernate: select options0_.quiz_id as quiz_id1_3_0_, options0_.options as options2_3_0_ from quiz_options options0_ where options0_.quiz_id=?
]]></system-out>
  <system-err><![CDATA[]]></system-err>
</testsuite>
